<?xml version="1.0" encoding="UTF-8"?>
<robot generator="Robot 7.2.2 (Python 3.13.3 on win32)" generated="2025-05-18T15:23:18.097917" rpa="false" schemaversion="5">
<suite id="s1" name="Login" source="C:\Users\Ivan\Documents\Trabalho_estudo\Muda-frontend\qa\automation\login.robot">
<test id="s1-t1" name="Login com sucesso" line="12">
<kw name="Abrir Página de Login" owner="keywords">
<kw name="Open Browser" owner="SeleniumLibrary">
<msg time="2025-05-18T15:23:19.091972" level="INFO">Opening browser 'chrome' to base url 'https://muda.cambiatus.io/'.</msg>
<arg>${url}</arg>
<arg>chrome</arg>
<doc>Opens a new browser instance to the optional ``url``.</doc>
<status status="PASS" start="2025-05-18T15:23:19.091579" elapsed="5.702975"/>
</kw>
<kw name="Maximize Browser Window" owner="SeleniumLibrary">
<doc>Maximizes current browser window.</doc>
<status status="PASS" start="2025-05-18T15:23:24.795556" elapsed="0.040494"/>
</kw>
<arg>${URL_LOGIN}</arg>
<status status="PASS" start="2025-05-18T15:23:19.090398" elapsed="5.745929"/>
</kw>
<kw name="Acionar Botão" owner="keywords">
<kw name="Run Keyword If" owner="BuiltIn">
<kw name="Click Element" owner="SeleniumLibrary">
<msg time="2025-05-18T15:23:24.839314" level="INFO">Clicking element 'xpath=//a[contains(@class, 'button-primary') and contains(text(), 'Já sou membro')]'.</msg>
<arg>xpath=//a[contains(@class, 'button-primary') and contains(text(), 'Já sou membro')]</arg>
<doc>Click the element identified by ``locator``.</doc>
<status status="PASS" start="2025-05-18T15:23:24.838620" elapsed="0.152309"/>
</kw>
<arg>'${nome_botao}' == 'Já sou membro'</arg>
<arg>Click Element</arg>
<arg>xpath=//a[contains(@class, 'button-primary') and contains(text(), 'Já sou membro')]</arg>
<arg>ELSE IF</arg>
<arg>'${nome_botao}' == 'Continuar'</arg>
<arg>Run Keyword And Ignore Error</arg>
<arg>Click Element</arg>
<arg>css=button.button.button-primary.min-w-full</arg>
<arg>ELSE IF</arg>
<arg>'${nome_botao}' == 'Continuar'</arg>
<arg>Click Element</arg>
<arg>xpath=//button[contains(., 'Continuar') or contains(., 'Continue')]</arg>
<arg>ELSE</arg>
<arg>Click Element</arg>
<arg>xpath=//*[self::button or self::a][contains(text(), '${nome_botao}')]</arg>
<doc>Runs the given keyword with the given arguments, if ``condition`` is true.</doc>
<status status="PASS" start="2025-05-18T15:23:24.837808" elapsed="0.153352"/>
</kw>
<kw name="Sleep" owner="BuiltIn">
<msg time="2025-05-18T15:23:25.492313" level="INFO">Slept 500 milliseconds.</msg>
<arg>0.5s</arg>
<doc>Pauses the test executed for the given time.</doc>
<status status="PASS" start="2025-05-18T15:23:24.991576" elapsed="0.501071"/>
</kw>
<kw name="Varre Erros Visiveis" owner="keywords">
<kw name="Get WebElements" owner="SeleniumLibrary">
<msg time="2025-05-18T15:23:25.529327" level="INFO">${erros} = []</msg>
<var>${erros}</var>
<arg>css=.form-error, .form-error.form-error-on-dark-bg</arg>
<doc>Returns a list of WebElement objects matching the ``locator``.</doc>
<status status="PASS" start="2025-05-18T15:23:25.494485" elapsed="0.034956"/>
</kw>
<for flavor="IN">
<iter>
<kw name="Get Text" owner="SeleniumLibrary">
<var>${texto}</var>
<arg>${erro}</arg>
<doc>Returns the text value of the element identified by ``locator``.</doc>
<status status="NOT RUN" start="2025-05-18T15:23:25.530446" elapsed="0.000102"/>
</kw>
<kw name="Log" owner="BuiltIn">
<arg>[ERRO VISÍVEL] ${texto}</arg>
<doc>Logs the given message with the given level.</doc>
<status status="NOT RUN" start="2025-05-18T15:23:25.530848" elapsed="0.000088"/>
</kw>
<var name="${erro}"/>
<status status="NOT RUN" start="2025-05-18T15:23:25.530140" elapsed="0.000922"/>
</iter>
<var>${erro}</var>
<value>@{erros}</value>
<status status="NOT RUN" start="2025-05-18T15:23:25.529707" elapsed="0.001500"/>
</for>
<status status="PASS" start="2025-05-18T15:23:25.493544" elapsed="0.037914"/>
</kw>
<arg>Já sou membro</arg>
<status status="PASS" start="2025-05-18T15:23:24.837058" elapsed="0.694576"/>
</kw>
<kw name="Inserir Palavras Chave" owner="keywords">
<kw name="Wait Until Element Is Visible" owner="SeleniumLibrary">
<arg>css=textarea.input.peer</arg>
<doc>Waits until the element ``locator`` is visible.</doc>
<status status="PASS" start="2025-05-18T15:23:25.533023" elapsed="0.054193"/>
</kw>
<kw name="Input Text" owner="SeleniumLibrary">
<msg time="2025-05-18T15:23:25.587791" level="INFO">Typing text 'garment neither noise flash enable humble embrace typical annual fruit cycle degree' into text field 'css=textarea.input.peer'.</msg>
<arg>css=textarea.input.peer</arg>
<arg>${palavras}</arg>
<doc>Types the given ``text`` into the text field identified by ``locator``.</doc>
<status status="PASS" start="2025-05-18T15:23:25.587463" elapsed="0.389235"/>
</kw>
<arg>${PALAVRAS_CHAVE_TESTE}</arg>
<status status="PASS" start="2025-05-18T15:23:25.532372" elapsed="0.444628"/>
</kw>
<kw name="Acionar Botao Continuar Palavras" owner="keywords">
<kw name="Click Element" owner="SeleniumLibrary">
<msg time="2025-05-18T15:23:25.978691" level="INFO">Clicking element 'css=button.button.button-primary.min-w-full'.</msg>
<arg>css=button.button.button-primary.min-w-full</arg>
<doc>Click the element identified by ``locator``.</doc>
<status status="PASS" start="2025-05-18T15:23:25.978311" elapsed="0.108708"/>
</kw>
<status status="PASS" start="2025-05-18T15:23:25.977671" elapsed="0.109513"/>
</kw>
<kw name="Inserir e Confirmar Pin" owner="keywords">
<kw name="Input Text" owner="SeleniumLibrary">
<msg time="2025-05-18T15:23:26.088563" level="INFO">Typing text '147258' into text field 'css=#pin-input'.</msg>
<arg>css=#pin-input</arg>
<arg>${pin}</arg>
<doc>Types the given ``text`` into the text field identified by ``locator``.</doc>
<status status="PASS" start="2025-05-18T15:23:26.088265" elapsed="0.123625"/>
</kw>
<kw name="Input Text" owner="SeleniumLibrary">
<msg time="2025-05-18T15:23:26.212718" level="INFO">Typing text '147258' into text field 'css=#pin-confirmation-input'.</msg>
<arg>css=#pin-confirmation-input</arg>
<arg>${pin}</arg>
<doc>Types the given ``text`` into the text field identified by ``locator``.</doc>
<status status="PASS" start="2025-05-18T15:23:26.212204" elapsed="0.143046"/>
</kw>
<kw name="Click Element" owner="SeleniumLibrary">
<msg time="2025-05-18T15:23:26.356243" level="INFO">Clicking element 'css=.button.button-primary.min-w-full.mt-auto'.</msg>
<arg>css=.button.button-primary.min-w-full.mt-auto</arg>
<doc>Click the element identified by ``locator``.</doc>
<status status="PASS" start="2025-05-18T15:23:26.355808" elapsed="0.082190"/>
</kw>
<arg>${PIN_TESTE}</arg>
<status status="PASS" start="2025-05-18T15:23:26.087719" elapsed="0.350445"/>
</kw>
<kw name="Verificar Redirecionamento Painel Logado" owner="keywords">
<kw name="Run Keyword And Return Status" owner="BuiltIn">
<kw name="Location Should Be" owner="SeleniumLibrary">
<msg time="2025-05-18T15:23:26.792635" level="INFO" html="true">&lt;/td&gt;&lt;/tr&gt;&lt;tr&gt;&lt;td colspan="3"&gt;&lt;a href="selenium-screenshot-23.png"&gt;&lt;img src="selenium-screenshot-23.png" width="800px"&gt;&lt;/a&gt;</msg>
<msg time="2025-05-18T15:23:26.793158" level="FAIL">Location should have been 'https://muda.cambiatus.io/dashboard' but was 'https://muda.cambiatus.io/login?redirect=%2Fdashboard'.</msg>
<arg>https://muda.cambiatus.io/dashboard</arg>
<doc>Verifies that the current URL is exactly ``url``.</doc>
<status status="FAIL" start="2025-05-18T15:23:26.439387" elapsed="0.357826">Location should have been 'https://muda.cambiatus.io/dashboard' but was 'https://muda.cambiatus.io/login?redirect=%2Fdashboard'.</status>
</kw>
<msg time="2025-05-18T15:23:26.797572" level="INFO">${ok} = False</msg>
<var>${ok}</var>
<arg>Location Should Be</arg>
<arg>https://muda.cambiatus.io/dashboard</arg>
<doc>Runs the given keyword with given arguments and returns the status as a Boolean value.</doc>
<status status="PASS" start="2025-05-18T15:23:26.439137" elapsed="0.358529"/>
</kw>
<kw name="Run Keyword If" owner="BuiltIn">
<arg>${ok}</arg>
<arg>Return From Keyword</arg>
<doc>Runs the given keyword with the given arguments, if ``condition`` is true.</doc>
<status status="PASS" start="2025-05-18T15:23:26.798051" elapsed="0.000323"/>
</kw>
<kw name="Run Keyword And Return Status" owner="BuiltIn">
<kw name="Location Should Be" owner="SeleniumLibrary">
<msg time="2025-05-18T15:23:26.808391" level="INFO">Current location is 'https://muda.cambiatus.io/login?redirect=%2Fdashboard'.</msg>
<arg>https://muda.cambiatus.io/login?redirect=%2Fdashboard</arg>
<doc>Verifies that the current URL is exactly ``url``.</doc>
<status status="PASS" start="2025-05-18T15:23:26.799305" elapsed="0.009269"/>
</kw>
<msg time="2025-05-18T15:23:26.808940" level="INFO">${ok} = True</msg>
<var>${ok}</var>
<arg>Location Should Be</arg>
<arg>https://muda.cambiatus.io/login?redirect=%2Fdashboard</arg>
<doc>Runs the given keyword with given arguments and returns the status as a Boolean value.</doc>
<status status="PASS" start="2025-05-18T15:23:26.798905" elapsed="0.010143"/>
</kw>
<kw name="Run Keyword If" owner="BuiltIn">
<kw name="Return From Keyword" owner="BuiltIn">
<msg time="2025-05-18T15:23:26.810480" level="INFO">Returning from the enclosing user keyword.</msg>
<doc>Returns from the enclosing user keyword.</doc>
<status status="PASS" start="2025-05-18T15:23:26.810196" elapsed="0.000493"/>
</kw>
<arg>${ok}</arg>
<arg>Return From Keyword</arg>
<doc>Runs the given keyword with the given arguments, if ``condition`` is true.</doc>
<status status="PASS" start="2025-05-18T15:23:26.809460" elapsed="0.001381"/>
</kw>
<kw name="Fail" owner="BuiltIn">
<arg>Não foi possível validar o redirecionamento para o painel logado.</arg>
<doc>Fails the test with the given message and optionally alters its tags.</doc>
<status status="NOT RUN" start="2025-05-18T15:23:26.811136" elapsed="0.000100"/>
</kw>
<status status="PASS" start="2025-05-18T15:23:26.438691" elapsed="0.372776"/>
</kw>
<tag>critico</tag>
<tag>funcional</tag>
<tag>regressivo</tag>
<tag>smoke</tag>
<status status="PASS" start="2025-05-18T15:23:19.088978" elapsed="7.723707"/>
</test>
<test id="s1-t2" name="Login com palavras chave inválidas" line="27">
<kw name="Abrir Página de Login" owner="keywords">
<kw name="Open Browser" owner="SeleniumLibrary">
<msg time="2025-05-18T15:23:26.816522" level="INFO">Opening browser 'chrome' to base url 'https://muda.cambiatus.io/'.</msg>
<arg>${url}</arg>
<arg>chrome</arg>
<doc>Opens a new browser instance to the optional ``url``.</doc>
<status status="PASS" start="2025-05-18T15:23:26.816241" elapsed="5.846932"/>
</kw>
<kw name="Maximize Browser Window" owner="SeleniumLibrary">
<doc>Maximizes current browser window.</doc>
<status status="PASS" start="2025-05-18T15:23:32.663629" elapsed="0.040771"/>
</kw>
<arg>${URL_LOGIN}</arg>
<status status="PASS" start="2025-05-18T15:23:26.815698" elapsed="5.890120"/>
</kw>
<kw name="Acionar Botão" owner="keywords">
<kw name="Run Keyword If" owner="BuiltIn">
<kw name="Click Element" owner="SeleniumLibrary">
<msg time="2025-05-18T15:23:32.709342" level="INFO">Clicking element 'xpath=//a[contains(@class, 'button-primary') and contains(text(), 'Já sou membro')]'.</msg>
<arg>xpath=//a[contains(@class, 'button-primary') and contains(text(), 'Já sou membro')]</arg>
<doc>Click the element identified by ``locator``.</doc>
<status status="PASS" start="2025-05-18T15:23:32.708959" elapsed="0.151378"/>
</kw>
<arg>'${nome_botao}' == 'Já sou membro'</arg>
<arg>Click Element</arg>
<arg>xpath=//a[contains(@class, 'button-primary') and contains(text(), 'Já sou membro')]</arg>
<arg>ELSE IF</arg>
<arg>'${nome_botao}' == 'Continuar'</arg>
<arg>Run Keyword And Ignore Error</arg>
<arg>Click Element</arg>
<arg>css=button.button.button-primary.min-w-full</arg>
<arg>ELSE IF</arg>
<arg>'${nome_botao}' == 'Continuar'</arg>
<arg>Click Element</arg>
<arg>xpath=//button[contains(., 'Continuar') or contains(., 'Continue')]</arg>
<arg>ELSE</arg>
<arg>Click Element</arg>
<arg>xpath=//*[self::button or self::a][contains(text(), '${nome_botao}')]</arg>
<doc>Runs the given keyword with the given arguments, if ``condition`` is true.</doc>
<status status="PASS" start="2025-05-18T15:23:32.708220" elapsed="0.152344"/>
</kw>
<kw name="Sleep" owner="BuiltIn">
<msg time="2025-05-18T15:23:33.363148" level="INFO">Slept 500 milliseconds.</msg>
<arg>0.5s</arg>
<doc>Pauses the test executed for the given time.</doc>
<status status="PASS" start="2025-05-18T15:23:32.860976" elapsed="0.502484"/>
</kw>
<kw name="Varre Erros Visiveis" owner="keywords">
<kw name="Get WebElements" owner="SeleniumLibrary">
<msg time="2025-05-18T15:23:33.393844" level="INFO">${erros} = []</msg>
<var>${erros}</var>
<arg>css=.form-error, .form-error.form-error-on-dark-bg</arg>
<doc>Returns a list of WebElement objects matching the ``locator``.</doc>
<status status="PASS" start="2025-05-18T15:23:33.366145" elapsed="0.027805"/>
</kw>
<for flavor="IN">
<iter>
<kw name="Get Text" owner="SeleniumLibrary">
<var>${texto}</var>
<arg>${erro}</arg>
<doc>Returns the text value of the element identified by ``locator``.</doc>
<status status="NOT RUN" start="2025-05-18T15:23:33.394854" elapsed="0.000104"/>
</kw>
<kw name="Log" owner="BuiltIn">
<arg>[ERRO VISÍVEL] ${texto}</arg>
<doc>Logs the given message with the given level.</doc>
<status status="NOT RUN" start="2025-05-18T15:23:33.395297" elapsed="0.000092"/>
</kw>
<var name="${erro}"/>
<status status="NOT RUN" start="2025-05-18T15:23:33.394558" elapsed="0.000966"/>
</iter>
<var>${erro}</var>
<value>@{erros}</value>
<status status="NOT RUN" start="2025-05-18T15:23:33.394174" elapsed="0.001526"/>
</for>
<status status="PASS" start="2025-05-18T15:23:33.364580" elapsed="0.031372"/>
</kw>
<arg>Já sou membro</arg>
<status status="PASS" start="2025-05-18T15:23:32.707475" elapsed="0.688642"/>
</kw>
<kw name="Inserir Palavras Chave" owner="keywords">
<kw name="Wait Until Element Is Visible" owner="SeleniumLibrary">
<arg>css=textarea.input.peer</arg>
<doc>Waits until the element ``locator`` is visible.</doc>
<status status="PASS" start="2025-05-18T15:23:33.397384" elapsed="0.042148"/>
</kw>
<kw name="Input Text" owner="SeleniumLibrary">
<msg time="2025-05-18T15:23:33.440370" level="INFO">Typing text 'sombrinha estilete ramalhete arvore salsinha flores verao abacaxi banana cadeira mesa lampada' into text field 'css=textarea.input.peer'.</msg>
<arg>css=textarea.input.peer</arg>
<arg>${palavras}</arg>
<doc>Types the given ``text`` into the text field identified by ``locator``.</doc>
<status status="PASS" start="2025-05-18T15:23:33.439857" elapsed="0.417757"/>
</kw>
<arg>${PALAVRAS_CHAVE_INVALIDAS}</arg>
<status status="PASS" start="2025-05-18T15:23:33.396712" elapsed="0.461143"/>
</kw>
<kw name="Acionar Botao Continuar Palavras" owner="keywords">
<kw name="Click Element" owner="SeleniumLibrary">
<msg time="2025-05-18T15:23:33.861794" level="INFO">Clicking element 'css=button.button.button-primary.min-w-full'.</msg>
<arg>css=button.button.button-primary.min-w-full</arg>
<doc>Click the element identified by ``locator``.</doc>
<status status="PASS" start="2025-05-18T15:23:33.861430" elapsed="0.106369"/>
</kw>
<status status="PASS" start="2025-05-18T15:23:33.860819" elapsed="0.107141"/>
</kw>
<kw name="Capture Page Screenshot" owner="SeleniumLibrary">
<msg time="2025-05-18T15:23:34.148380" level="INFO" html="true">&lt;/td&gt;&lt;/tr&gt;&lt;tr&gt;&lt;td colspan="3"&gt;&lt;a href="selenium-screenshot-24.png"&gt;&lt;img src="selenium-screenshot-24.png" width="800px"&gt;&lt;/a&gt;</msg>
<doc>Takes a screenshot of the current page and embeds it into a log file.</doc>
<status status="PASS" start="2025-05-18T15:23:33.968411" elapsed="0.180242"/>
</kw>
<kw name="Log" owner="BuiltIn">
<msg time="2025-05-18T15:23:34.150361" level="INFO">Mensagens de erro na tela:</msg>
<arg>Mensagens de erro na tela:</arg>
<doc>Logs the given message with the given level.</doc>
<status status="PASS" start="2025-05-18T15:23:34.149995" elapsed="0.000539"/>
</kw>
<kw name="Get WebElements" owner="SeleniumLibrary">
<msg time="2025-05-18T15:23:34.169635" level="INFO">${erros} = [&lt;selenium.webdriver.remote.webelement.WebElement (session="9e903e5e561ed7183bb04fdf6f35ca16", element="f.062E0FCC040A1BBD78F3D24C1B0CD9E5.d.5BBB27881ED64D42ECB799A53C49FC22.e.29")&gt;]</msg>
<var>${erros}</var>
<arg>css=.form-error, .form-error.form-error-on-dark-bg</arg>
<doc>Returns a list of WebElement objects matching the ``locator``.</doc>
<status status="PASS" start="2025-05-18T15:23:34.152080" elapsed="0.017869"/>
</kw>
<for flavor="IN">
<iter>
<kw name="Get Text" owner="SeleniumLibrary">
<msg time="2025-05-18T15:23:34.204943" level="INFO">${texto} = ESSAS PALAVRAS NÃO SÃO VÁLIDAS: SOMBRINHA, ESTILETE, RAMALHETE, ARVORE, SALSINHA, FLORES, VERAO, ABACAXI, CADEIRA, MESA, LAMPADA. VERIFIQUE SUAS 12 PALAVRAS E TENTE NOVAMENTE</msg>
<var>${texto}</var>
<arg>${erro}</arg>
<doc>Returns the text value of the element identified by ``locator``.</doc>
<status status="PASS" start="2025-05-18T15:23:34.171165" elapsed="0.033900"/>
</kw>
<kw name="Log" owner="BuiltIn">
<msg time="2025-05-18T15:23:34.205848" level="INFO">ESSAS PALAVRAS NÃO SÃO VÁLIDAS: SOMBRINHA, ESTILETE, RAMALHETE, ARVORE, SALSINHA, FLORES, VERAO, ABACAXI, CADEIRA, MESA, LAMPADA. VERIFIQUE SUAS 12 PALAVRAS E TENTE NOVAMENTE</msg>
<arg>${texto}</arg>
<doc>Logs the given message with the given level.</doc>
<status status="PASS" start="2025-05-18T15:23:34.205435" elapsed="0.000584"/>
</kw>
<var name="${erro}">&lt;selenium.webdriver.remote.webelement.WebElement (session="9e903e5e561ed7183bb04fdf6f35ca16", element="f.062E0FCC040A1BBD78F3D24C1B0CD9E5.d.5BBB27881ED64D42ECB799A53C49FC22.e.29")&gt;</var>
<status status="PASS" start="2025-05-18T15:23:34.170888" elapsed="0.035286"/>
</iter>
<var>${erro}</var>
<value>@{erros}</value>
<status status="PASS" start="2025-05-18T15:23:34.170445" elapsed="0.035904"/>
</for>
<kw name="Verificar Componente Erro Presente" owner="keywords">
<kw name="Wait Until Element Is Visible" owner="SeleniumLibrary">
<arg>css=.form-error, .form-error.form-error-on-dark-bg</arg>
<arg>timeout=10s</arg>
<doc>Waits until the element ``locator`` is visible.</doc>
<status status="PASS" start="2025-05-18T15:23:34.207601" elapsed="0.034153"/>
</kw>
<status status="PASS" start="2025-05-18T15:23:34.207097" elapsed="0.034947"/>
</kw>
<tag>critico</tag>
<tag>funcional</tag>
<tag>regressivo</tag>
<status status="PASS" start="2025-05-18T15:23:26.814456" elapsed="7.432494"/>
</test>
<test id="s1-t3" name="Login com menos de 12 palavras-chave" line="42">
<kw name="Abrir Página de Login" owner="keywords">
<kw name="Open Browser" owner="SeleniumLibrary">
<msg time="2025-05-18T15:23:34.250740" level="INFO">Opening browser 'chrome' to base url 'https://muda.cambiatus.io/'.</msg>
<arg>${url}</arg>
<arg>chrome</arg>
<doc>Opens a new browser instance to the optional ``url``.</doc>
<status status="PASS" start="2025-05-18T15:23:34.250369" elapsed="8.038093"/>
</kw>
<kw name="Maximize Browser Window" owner="SeleniumLibrary">
<doc>Maximizes current browser window.</doc>
<status status="PASS" start="2025-05-18T15:23:42.288861" elapsed="0.061012"/>
</kw>
<arg>${URL_LOGIN}</arg>
<status status="PASS" start="2025-05-18T15:23:34.249826" elapsed="8.100270"/>
</kw>
<kw name="Acionar Botão" owner="keywords">
<kw name="Run Keyword If" owner="BuiltIn">
<kw name="Click Element" owner="SeleniumLibrary">
<msg time="2025-05-18T15:23:42.352273" level="INFO">Clicking element 'xpath=//a[contains(@class, 'button-primary') and contains(text(), 'Já sou membro')]'.</msg>
<arg>xpath=//a[contains(@class, 'button-primary') and contains(text(), 'Já sou membro')]</arg>
<doc>Click the element identified by ``locator``.</doc>
<status status="PASS" start="2025-05-18T15:23:42.351864" elapsed="0.200076"/>
</kw>
<arg>'${nome_botao}' == 'Já sou membro'</arg>
<arg>Click Element</arg>
<arg>xpath=//a[contains(@class, 'button-primary') and contains(text(), 'Já sou membro')]</arg>
<arg>ELSE IF</arg>
<arg>'${nome_botao}' == 'Continuar'</arg>
<arg>Run Keyword And Ignore Error</arg>
<arg>Click Element</arg>
<arg>css=button.button.button-primary.min-w-full</arg>
<arg>ELSE IF</arg>
<arg>'${nome_botao}' == 'Continuar'</arg>
<arg>Click Element</arg>
<arg>xpath=//button[contains(., 'Continuar') or contains(., 'Continue')]</arg>
<arg>ELSE</arg>
<arg>Click Element</arg>
<arg>xpath=//*[self::button or self::a][contains(text(), '${nome_botao}')]</arg>
<doc>Runs the given keyword with the given arguments, if ``condition`` is true.</doc>
<status status="PASS" start="2025-05-18T15:23:42.351296" elapsed="0.200846"/>
</kw>
<kw name="Sleep" owner="BuiltIn">
<msg time="2025-05-18T15:23:43.052903" level="INFO">Slept 500 milliseconds.</msg>
<arg>0.5s</arg>
<doc>Pauses the test executed for the given time.</doc>
<status status="PASS" start="2025-05-18T15:23:42.552430" elapsed="0.500774"/>
</kw>
<kw name="Varre Erros Visiveis" owner="keywords">
<kw name="Get WebElements" owner="SeleniumLibrary">
<msg time="2025-05-18T15:23:43.088336" level="INFO">${erros} = []</msg>
<var>${erros}</var>
<arg>css=.form-error, .form-error.form-error-on-dark-bg</arg>
<doc>Returns a list of WebElement objects matching the ``locator``.</doc>
<status status="PASS" start="2025-05-18T15:23:43.054862" elapsed="0.033560"/>
</kw>
<for flavor="IN">
<iter>
<kw name="Get Text" owner="SeleniumLibrary">
<var>${texto}</var>
<arg>${erro}</arg>
<doc>Returns the text value of the element identified by ``locator``.</doc>
<status status="NOT RUN" start="2025-05-18T15:23:43.089072" elapsed="0.000066"/>
</kw>
<kw name="Log" owner="BuiltIn">
<arg>[ERRO VISÍVEL] ${texto}</arg>
<doc>Logs the given message with the given level.</doc>
<status status="NOT RUN" start="2025-05-18T15:23:43.089350" elapsed="0.000060"/>
</kw>
<var name="${erro}"/>
<status status="NOT RUN" start="2025-05-18T15:23:43.088870" elapsed="0.000627"/>
</iter>
<var>${erro}</var>
<value>@{erros}</value>
<status status="NOT RUN" start="2025-05-18T15:23:43.088589" elapsed="0.001001"/>
</for>
<status status="PASS" start="2025-05-18T15:23:43.053922" elapsed="0.035828"/>
</kw>
<arg>Já sou membro</arg>
<status status="PASS" start="2025-05-18T15:23:42.350690" elapsed="0.739183"/>
</kw>
<kw name="Inserir Palavras Chave" owner="keywords">
<kw name="Wait Until Element Is Visible" owner="SeleniumLibrary">
<arg>css=textarea.input.peer</arg>
<doc>Waits until the element ``locator`` is visible.</doc>
<status status="PASS" start="2025-05-18T15:23:43.091108" elapsed="0.035622"/>
</kw>
<kw name="Input Text" owner="SeleniumLibrary">
<msg time="2025-05-18T15:23:43.128269" level="INFO">Typing text 'garment neither noise flash enable humble embrace typical annual fruit cycle' into text field 'css=textarea.input.peer'.</msg>
<arg>css=textarea.input.peer</arg>
<arg>${palavras}</arg>
<doc>Types the given ``text`` into the text field identified by ``locator``.</doc>
<status status="PASS" start="2025-05-18T15:23:43.127468" elapsed="0.498107"/>
</kw>
<arg>${PALAVRAS_CHAVE_11}</arg>
<status status="PASS" start="2025-05-18T15:23:43.090484" elapsed="0.535366"/>
</kw>
<kw name="Acionar Botao Continuar Palavras" owner="keywords">
<kw name="Click Element" owner="SeleniumLibrary">
<msg time="2025-05-18T15:23:43.635424" level="INFO">Clicking element 'css=button.button.button-primary.min-w-full'.</msg>
<arg>css=button.button.button-primary.min-w-full</arg>
<doc>Click the element identified by ``locator``.</doc>
<status status="PASS" start="2025-05-18T15:23:43.635005" elapsed="0.265186"/>
</kw>
<status status="PASS" start="2025-05-18T15:23:43.634308" elapsed="0.266147"/>
</kw>
<kw name="Capture Page Screenshot" owner="SeleniumLibrary">
<msg time="2025-05-18T15:23:44.087070" level="INFO" html="true">&lt;/td&gt;&lt;/tr&gt;&lt;tr&gt;&lt;td colspan="3"&gt;&lt;a href="selenium-screenshot-25.png"&gt;&lt;img src="selenium-screenshot-25.png" width="800px"&gt;&lt;/a&gt;</msg>
<doc>Takes a screenshot of the current page and embeds it into a log file.</doc>
<status status="PASS" start="2025-05-18T15:23:43.901061" elapsed="0.186248"/>
</kw>
<kw name="Log" owner="BuiltIn">
<msg time="2025-05-18T15:23:44.088292" level="INFO">Mensagens de erro na tela:</msg>
<arg>Mensagens de erro na tela:</arg>
<doc>Logs the given message with the given level.</doc>
<status status="PASS" start="2025-05-18T15:23:44.088050" elapsed="0.000486"/>
</kw>
<kw name="Get WebElements" owner="SeleniumLibrary">
<msg time="2025-05-18T15:23:44.106383" level="INFO">${erros} = [&lt;selenium.webdriver.remote.webelement.WebElement (session="99f80b8a70878270992ce8454258b5ee", element="f.479A831B3B5FE1C03B59EC0B4B4DD747.d.32FFD973841A0373FD56DDC720F85A2A.e.29")&gt;]</msg>
<var>${erros}</var>
<arg>css=.form-error, .form-error.form-error-on-dark-bg</arg>
<doc>Returns a list of WebElement objects matching the ``locator``.</doc>
<status status="PASS" start="2025-05-18T15:23:44.089097" elapsed="0.017395"/>
</kw>
<for flavor="IN">
<iter>
<kw name="Get Text" owner="SeleniumLibrary">
<msg time="2025-05-18T15:23:44.134810" level="INFO">${texto} = POR FAVOR, DIGITE 12 PALAVRAS</msg>
<var>${texto}</var>
<arg>${erro}</arg>
<doc>Returns the text value of the element identified by ``locator``.</doc>
<status status="PASS" start="2025-05-18T15:23:44.107745" elapsed="0.027182"/>
</kw>
<kw name="Log" owner="BuiltIn">
<msg time="2025-05-18T15:23:44.135687" level="INFO">POR FAVOR, DIGITE 12 PALAVRAS</msg>
<arg>${texto}</arg>
<doc>Logs the given message with the given level.</doc>
<status status="PASS" start="2025-05-18T15:23:44.135292" elapsed="0.000616"/>
</kw>
<var name="${erro}">&lt;selenium.webdriver.remote.webelement.WebElement (session="99f80b8a70878270992ce8454258b5ee", element="f.479A831B3B5FE1C03B59EC0B4B4DD747.d.32FFD973841A0373FD56DDC720F85A2A.e.29")&gt;</var>
<status status="PASS" start="2025-05-18T15:23:44.107395" elapsed="0.028697"/>
</iter>
<var>${erro}</var>
<value>@{erros}</value>
<status status="PASS" start="2025-05-18T15:23:44.106880" elapsed="0.029389"/>
</for>
<kw name="Verificar Componente Erro Presente" owner="keywords">
<kw name="Wait Until Element Is Visible" owner="SeleniumLibrary">
<arg>css=.form-error, .form-error.form-error-on-dark-bg</arg>
<arg>timeout=10s</arg>
<doc>Waits until the element ``locator`` is visible.</doc>
<status status="PASS" start="2025-05-18T15:23:44.138463" elapsed="0.043583"/>
</kw>
<status status="PASS" start="2025-05-18T15:23:44.137719" elapsed="0.044582"/>
</kw>
<tag>critico</tag>
<tag>funcional</tag>
<tag>regressivo</tag>
<status status="PASS" start="2025-05-18T15:23:34.248922" elapsed="9.935047"/>
</test>
<test id="s1-t4" name="Tentativa de login sem inserir palavras-chave" line="62">
<kw name="Abrir Página de Login" owner="keywords">
<kw name="Open Browser" owner="SeleniumLibrary">
<msg time="2025-05-18T15:23:44.190700" level="INFO">Opening browser 'chrome' to base url 'https://muda.cambiatus.io/'.</msg>
<arg>${url}</arg>
<arg>chrome</arg>
<doc>Opens a new browser instance to the optional ``url``.</doc>
<status status="PASS" start="2025-05-18T15:23:44.190387" elapsed="8.446910"/>
</kw>
<kw name="Maximize Browser Window" owner="SeleniumLibrary">
<doc>Maximizes current browser window.</doc>
<status status="PASS" start="2025-05-18T15:23:52.637662" elapsed="0.101965"/>
</kw>
<arg>${URL_LOGIN}</arg>
<status status="PASS" start="2025-05-18T15:23:44.189634" elapsed="8.550158"/>
</kw>
<kw name="Acionar Botão" owner="keywords">
<kw name="Run Keyword If" owner="BuiltIn">
<kw name="Click Element" owner="SeleniumLibrary">
<msg time="2025-05-18T15:23:52.741633" level="INFO">Clicking element 'xpath=//a[contains(@class, 'button-primary') and contains(text(), 'Já sou membro')]'.</msg>
<arg>xpath=//a[contains(@class, 'button-primary') and contains(text(), 'Já sou membro')]</arg>
<doc>Click the element identified by ``locator``.</doc>
<status status="PASS" start="2025-05-18T15:23:52.741365" elapsed="0.325945"/>
</kw>
<arg>'${nome_botao}' == 'Já sou membro'</arg>
<arg>Click Element</arg>
<arg>xpath=//a[contains(@class, 'button-primary') and contains(text(), 'Já sou membro')]</arg>
<arg>ELSE IF</arg>
<arg>'${nome_botao}' == 'Continuar'</arg>
<arg>Run Keyword And Ignore Error</arg>
<arg>Click Element</arg>
<arg>css=button.button.button-primary.min-w-full</arg>
<arg>ELSE IF</arg>
<arg>'${nome_botao}' == 'Continuar'</arg>
<arg>Click Element</arg>
<arg>xpath=//button[contains(., 'Continuar') or contains(., 'Continue')]</arg>
<arg>ELSE</arg>
<arg>Click Element</arg>
<arg>xpath=//*[self::button or self::a][contains(text(), '${nome_botao}')]</arg>
<doc>Runs the given keyword with the given arguments, if ``condition`` is true.</doc>
<status status="PASS" start="2025-05-18T15:23:52.740890" elapsed="0.326682"/>
</kw>
<kw name="Sleep" owner="BuiltIn">
<msg time="2025-05-18T15:23:53.568759" level="INFO">Slept 500 milliseconds.</msg>
<arg>0.5s</arg>
<doc>Pauses the test executed for the given time.</doc>
<status status="PASS" start="2025-05-18T15:23:53.068010" elapsed="0.500958"/>
</kw>
<kw name="Varre Erros Visiveis" owner="keywords">
<kw name="Get WebElements" owner="SeleniumLibrary">
<msg time="2025-05-18T15:23:53.671265" level="INFO">${erros} = []</msg>
<var>${erros}</var>
<arg>css=.form-error, .form-error.form-error-on-dark-bg</arg>
<doc>Returns a list of WebElement objects matching the ``locator``.</doc>
<status status="PASS" start="2025-05-18T15:23:53.570133" elapsed="0.101264"/>
</kw>
<for flavor="IN">
<iter>
<kw name="Get Text" owner="SeleniumLibrary">
<var>${texto}</var>
<arg>${erro}</arg>
<doc>Returns the text value of the element identified by ``locator``.</doc>
<status status="NOT RUN" start="2025-05-18T15:23:53.672388" elapsed="0.000128"/>
</kw>
<kw name="Log" owner="BuiltIn">
<arg>[ERRO VISÍVEL] ${texto}</arg>
<doc>Logs the given message with the given level.</doc>
<status status="NOT RUN" start="2025-05-18T15:23:53.672879" elapsed="0.000107"/>
</kw>
<var name="${erro}"/>
<status status="NOT RUN" start="2025-05-18T15:23:53.672075" elapsed="0.001067"/>
</iter>
<var>${erro}</var>
<value>@{erros}</value>
<status status="NOT RUN" start="2025-05-18T15:23:53.671648" elapsed="0.001649"/>
</for>
<status status="PASS" start="2025-05-18T15:23:53.569455" elapsed="0.104122"/>
</kw>
<arg>Já sou membro</arg>
<status status="PASS" start="2025-05-18T15:23:52.740345" elapsed="0.933427"/>
</kw>
<kw name="Acionar Botao Continuar Palavras" owner="keywords">
<kw name="Click Element" owner="SeleniumLibrary">
<msg time="2025-05-18T15:23:53.675932" level="INFO">Clicking element 'css=button.button.button-primary.min-w-full'.</msg>
<arg>css=button.button.button-primary.min-w-full</arg>
<doc>Click the element identified by ``locator``.</doc>
<status status="PASS" start="2025-05-18T15:23:53.675149" elapsed="0.363589"/>
</kw>
<status status="PASS" start="2025-05-18T15:23:53.674454" elapsed="0.364555"/>
</kw>
<kw name="Capture Page Screenshot" owner="SeleniumLibrary">
<msg time="2025-05-18T15:23:54.331108" level="INFO" html="true">&lt;/td&gt;&lt;/tr&gt;&lt;tr&gt;&lt;td colspan="3"&gt;&lt;a href="selenium-screenshot-26.png"&gt;&lt;img src="selenium-screenshot-26.png" width="800px"&gt;&lt;/a&gt;</msg>
<doc>Takes a screenshot of the current page and embeds it into a log file.</doc>
<status status="PASS" start="2025-05-18T15:23:54.039691" elapsed="0.291635"/>
</kw>
<kw name="Log" owner="BuiltIn">
<msg time="2025-05-18T15:23:54.337088" level="INFO">Mensagens de erro na tela:</msg>
<arg>Mensagens de erro na tela:</arg>
<doc>Logs the given message with the given level.</doc>
<status status="PASS" start="2025-05-18T15:23:54.336728" elapsed="0.000533"/>
</kw>
<kw name="Get WebElements" owner="SeleniumLibrary">
<msg time="2025-05-18T15:23:54.388051" level="INFO">${erros} = [&lt;selenium.webdriver.remote.webelement.WebElement (session="5d088ff9b2994f95e6977d15a766acb6", element="f.BB4EC59401B7C4A61B5260172BC412D4.d.EC2DF2487B0A5F5F861F5C85131794EF.e.27")&gt;]</msg>
<var>${erros}</var>
<arg>css=.form-error, .form-error.form-error-on-dark-bg</arg>
<doc>Returns a list of WebElement objects matching the ``locator``.</doc>
<status status="PASS" start="2025-05-18T15:23:54.359279" elapsed="0.028892"/>
</kw>
<for flavor="IN">
<iter>
<kw name="Get Text" owner="SeleniumLibrary">
<msg time="2025-05-18T15:23:54.466178" level="INFO">${texto} = POR FAVOR, DIGITE 12 PALAVRAS</msg>
<var>${texto}</var>
<arg>${erro}</arg>
<doc>Returns the text value of the element identified by ``locator``.</doc>
<status status="PASS" start="2025-05-18T15:23:54.389981" elapsed="0.076306"/>
</kw>
<kw name="Log" owner="BuiltIn">
<msg time="2025-05-18T15:23:54.467112" level="INFO">POR FAVOR, DIGITE 12 PALAVRAS</msg>
<arg>${texto}</arg>
<doc>Logs the given message with the given level.</doc>
<status status="PASS" start="2025-05-18T15:23:54.466647" elapsed="0.000643"/>
</kw>
<var name="${erro}">&lt;selenium.webdriver.remote.webelement.WebElement (session="5d088ff9b2994f95e6977d15a766acb6", element="f.BB4EC59401B7C4A61B5260172BC412D4.d.EC2DF2487B0A5F5F861F5C85131794EF.e.27")&gt;</var>
<status status="PASS" start="2025-05-18T15:23:54.389659" elapsed="0.077823"/>
</iter>
<var>${erro}</var>
<value>@{erros}</value>
<status status="PASS" start="2025-05-18T15:23:54.389184" elapsed="0.078471"/>
</for>
<kw name="Verificar Componente Erro Presente" owner="keywords">
<kw name="Wait Until Element Is Visible" owner="SeleniumLibrary">
<arg>css=.form-error, .form-error.form-error-on-dark-bg</arg>
<arg>timeout=10s</arg>
<doc>Waits until the element ``locator`` is visible.</doc>
<status status="PASS" start="2025-05-18T15:23:54.469216" elapsed="0.253990"/>
</kw>
<status status="PASS" start="2025-05-18T15:23:54.468532" elapsed="0.254985"/>
</kw>
<tag>critico</tag>
<tag>funcional</tag>
<tag>regressivo</tag>
<status status="PASS" start="2025-05-18T15:23:44.188299" elapsed="10.549141"/>
</test>
<test id="s1-t5" name="Tentativa de login com visualização do PIN inserido" line="80">
<kw name="Abrir Página de Login" owner="keywords">
<kw name="Open Browser" owner="SeleniumLibrary">
<msg time="2025-05-18T15:23:54.796679" level="INFO">Opening browser 'chrome' to base url 'https://muda.cambiatus.io/'.</msg>
<arg>${url}</arg>
<arg>chrome</arg>
<doc>Opens a new browser instance to the optional ``url``.</doc>
<status status="PASS" start="2025-05-18T15:23:54.796145" elapsed="9.826801"/>
</kw>
<kw name="Maximize Browser Window" owner="SeleniumLibrary">
<doc>Maximizes current browser window.</doc>
<status status="PASS" start="2025-05-18T15:24:04.623388" elapsed="0.086592"/>
</kw>
<arg>${URL_LOGIN}</arg>
<status status="PASS" start="2025-05-18T15:23:54.792998" elapsed="9.919555"/>
</kw>
<kw name="Acionar Botão" owner="keywords">
<kw name="Run Keyword If" owner="BuiltIn">
<kw name="Click Element" owner="SeleniumLibrary">
<msg time="2025-05-18T15:24:04.719138" level="INFO">Clicking element 'xpath=//a[contains(@class, 'button-primary') and contains(text(), 'Já sou membro')]'.</msg>
<arg>xpath=//a[contains(@class, 'button-primary') and contains(text(), 'Já sou membro')]</arg>
<doc>Click the element identified by ``locator``.</doc>
<status status="PASS" start="2025-05-18T15:24:04.718463" elapsed="0.346348"/>
</kw>
<arg>'${nome_botao}' == 'Já sou membro'</arg>
<arg>Click Element</arg>
<arg>xpath=//a[contains(@class, 'button-primary') and contains(text(), 'Já sou membro')]</arg>
<arg>ELSE IF</arg>
<arg>'${nome_botao}' == 'Continuar'</arg>
<arg>Run Keyword And Ignore Error</arg>
<arg>Click Element</arg>
<arg>css=button.button.button-primary.min-w-full</arg>
<arg>ELSE IF</arg>
<arg>'${nome_botao}' == 'Continuar'</arg>
<arg>Click Element</arg>
<arg>xpath=//button[contains(., 'Continuar') or contains(., 'Continue')]</arg>
<arg>ELSE</arg>
<arg>Click Element</arg>
<arg>xpath=//*[self::button or self::a][contains(text(), '${nome_botao}')]</arg>
<doc>Runs the given keyword with the given arguments, if ``condition`` is true.</doc>
<status status="PASS" start="2025-05-18T15:24:04.717507" elapsed="0.347724"/>
</kw>
<kw name="Sleep" owner="BuiltIn">
<msg time="2025-05-18T15:24:05.566468" level="INFO">Slept 500 milliseconds.</msg>
<arg>0.5s</arg>
<doc>Pauses the test executed for the given time.</doc>
<status status="PASS" start="2025-05-18T15:24:05.065695" elapsed="0.500982"/>
</kw>
<kw name="Varre Erros Visiveis" owner="keywords">
<kw name="Get WebElements" owner="SeleniumLibrary">
<msg time="2025-05-18T15:24:05.642424" level="INFO">${erros} = []</msg>
<var>${erros}</var>
<arg>css=.form-error, .form-error.form-error-on-dark-bg</arg>
<doc>Returns a list of WebElement objects matching the ``locator``.</doc>
<status status="PASS" start="2025-05-18T15:24:05.567867" elapsed="0.074665"/>
</kw>
<for flavor="IN">
<iter>
<kw name="Get Text" owner="SeleniumLibrary">
<var>${texto}</var>
<arg>${erro}</arg>
<doc>Returns the text value of the element identified by ``locator``.</doc>
<status status="NOT RUN" start="2025-05-18T15:24:05.643439" elapsed="0.000115"/>
</kw>
<kw name="Log" owner="BuiltIn">
<arg>[ERRO VISÍVEL] ${texto}</arg>
<doc>Logs the given message with the given level.</doc>
<status status="NOT RUN" start="2025-05-18T15:24:05.643924" elapsed="0.000363"/>
</kw>
<var name="${erro}"/>
<status status="NOT RUN" start="2025-05-18T15:24:05.643140" elapsed="0.001516"/>
</iter>
<var>${erro}</var>
<value>@{erros}</value>
<status status="NOT RUN" start="2025-05-18T15:24:05.642776" elapsed="0.002079"/>
</for>
<status status="PASS" start="2025-05-18T15:24:05.567189" elapsed="0.077942"/>
</kw>
<arg>Já sou membro</arg>
<status status="PASS" start="2025-05-18T15:24:04.716717" elapsed="0.928636"/>
</kw>
<kw name="Inserir Palavras Chave" owner="keywords">
<kw name="Wait Until Element Is Visible" owner="SeleniumLibrary">
<arg>css=textarea.input.peer</arg>
<doc>Waits until the element ``locator`` is visible.</doc>
<status status="PASS" start="2025-05-18T15:24:05.648821" elapsed="0.167588"/>
</kw>
<kw name="Input Text" owner="SeleniumLibrary">
<msg time="2025-05-18T15:24:05.817351" level="INFO">Typing text 'garment neither noise flash enable humble embrace typical annual fruit cycle degree' into text field 'css=textarea.input.peer'.</msg>
<arg>css=textarea.input.peer</arg>
<arg>${palavras}</arg>
<doc>Types the given ``text`` into the text field identified by ``locator``.</doc>
<status status="PASS" start="2025-05-18T15:24:05.816809" elapsed="0.801505"/>
</kw>
<arg>${PALAVRAS_CHAVE_TESTE}</arg>
<status status="PASS" start="2025-05-18T15:24:05.648022" elapsed="0.970583"/>
</kw>
<kw name="Acionar Botão" owner="keywords">
<kw name="Run Keyword If" owner="BuiltIn">
<kw name="Run Keyword And Ignore Error" owner="BuiltIn">
<kw name="Click Element" owner="SeleniumLibrary">
<msg time="2025-05-18T15:24:06.649025" level="INFO">Clicking element 'css=button.button.button-primary.min-w-full'.</msg>
<arg>css=button.button.button-primary.min-w-full</arg>
<doc>Click the element identified by ``locator``.</doc>
<status status="PASS" start="2025-05-18T15:24:06.648580" elapsed="1.017664"/>
</kw>
<arg>Click Element</arg>
<arg>css=button.button.button-primary.min-w-full</arg>
<doc>Runs the given keyword with the given arguments and ignores possible error.</doc>
<status status="PASS" start="2025-05-18T15:24:06.648092" elapsed="1.018371"/>
</kw>
<arg>'${nome_botao}' == 'Já sou membro'</arg>
<arg>Click Element</arg>
<arg>xpath=//a[contains(@class, 'button-primary') and contains(text(), 'Já sou membro')]</arg>
<arg>ELSE IF</arg>
<arg>'${nome_botao}' == 'Continuar'</arg>
<arg>Run Keyword And Ignore Error</arg>
<arg>Click Element</arg>
<arg>css=button.button.button-primary.min-w-full</arg>
<arg>ELSE IF</arg>
<arg>'${nome_botao}' == 'Continuar'</arg>
<arg>Click Element</arg>
<arg>xpath=//button[contains(., 'Continuar') or contains(., 'Continue')]</arg>
<arg>ELSE</arg>
<arg>Click Element</arg>
<arg>xpath=//*[self::button or self::a][contains(text(), '${nome_botao}')]</arg>
<doc>Runs the given keyword with the given arguments, if ``condition`` is true.</doc>
<status status="PASS" start="2025-05-18T15:24:06.646977" elapsed="1.019648"/>
</kw>
<kw name="Sleep" owner="BuiltIn">
<msg time="2025-05-18T15:24:08.167990" level="INFO">Slept 500 milliseconds.</msg>
<arg>0.5s</arg>
<doc>Pauses the test executed for the given time.</doc>
<status status="PASS" start="2025-05-18T15:24:07.667087" elapsed="0.501120"/>
</kw>
<kw name="Varre Erros Visiveis" owner="keywords">
<kw name="Get WebElements" owner="SeleniumLibrary">
<msg time="2025-05-18T15:24:08.183629" level="INFO">${erros} = []</msg>
<var>${erros}</var>
<arg>css=.form-error, .form-error.form-error-on-dark-bg</arg>
<doc>Returns a list of WebElement objects matching the ``locator``.</doc>
<status status="PASS" start="2025-05-18T15:24:08.169562" elapsed="0.014177"/>
</kw>
<for flavor="IN">
<iter>
<kw name="Get Text" owner="SeleniumLibrary">
<var>${texto}</var>
<arg>${erro}</arg>
<doc>Returns the text value of the element identified by ``locator``.</doc>
<status status="NOT RUN" start="2025-05-18T15:24:08.184619" elapsed="0.000100"/>
</kw>
<kw name="Log" owner="BuiltIn">
<arg>[ERRO VISÍVEL] ${texto}</arg>
<doc>Logs the given message with the given level.</doc>
<status status="NOT RUN" start="2025-05-18T15:24:08.185242" elapsed="0.000132"/>
</kw>
<var name="${erro}"/>
<status status="NOT RUN" start="2025-05-18T15:24:08.184358" elapsed="0.001156"/>
</iter>
<var>${erro}</var>
<value>@{erros}</value>
<status status="NOT RUN" start="2025-05-18T15:24:08.183999" elapsed="0.001643"/>
</for>
<status status="PASS" start="2025-05-18T15:24:08.168862" elapsed="0.017012"/>
</kw>
<arg>Continuar</arg>
<status status="PASS" start="2025-05-18T15:24:06.644436" elapsed="1.541603"/>
</kw>
<kw name="Inserir Pin" owner="keywords">
<kw name="Input Text" owner="SeleniumLibrary">
<msg time="2025-05-18T15:24:08.187916" level="INFO">Typing text '147258' into text field 'css=#pin-input'.</msg>
<arg>css=#pin-input</arg>
<arg>${pin}</arg>
<doc>Types the given ``text`` into the text field identified by ``locator``.</doc>
<status status="PASS" start="2025-05-18T15:24:08.187407" elapsed="0.155074"/>
</kw>
<arg>${PIN_TESTE}</arg>
<status status="PASS" start="2025-05-18T15:24:08.186641" elapsed="0.156109"/>
</kw>
<kw name="Confirmar Pin" owner="keywords">
<kw name="Input Text" owner="SeleniumLibrary">
<msg time="2025-05-18T15:24:08.351358" level="INFO">Typing text '147258' into text field 'css=#pin-confirmation-input'.</msg>
<arg>css=#pin-confirmation-input</arg>
<arg>${pin}</arg>
<doc>Types the given ``text`` into the text field identified by ``locator``.</doc>
<status status="PASS" start="2025-05-18T15:24:08.350803" elapsed="0.199728"/>
</kw>
<arg>${PIN_TESTE}</arg>
<status status="PASS" start="2025-05-18T15:24:08.349997" elapsed="0.200894"/>
</kw>
<kw name="Acionar Botao Mostrar PIN Custom" owner="keywords">
<kw name="Wait Until Element Is Visible" owner="SeleniumLibrary">
<arg>xpath=//button[contains(@class, 'uppercase') and contains(., 'Mostrar')]</arg>
<doc>Waits until the element ``locator`` is visible.</doc>
<status status="PASS" start="2025-05-18T15:24:08.553009" elapsed="0.061908"/>
</kw>
<kw name="Click Element" owner="SeleniumLibrary">
<msg time="2025-05-18T15:24:08.615721" level="INFO">Clicking element 'xpath=//button[contains(@class, 'uppercase') and contains(., 'Mostrar')]'.</msg>
<arg>xpath=//button[contains(@class, 'uppercase') and contains(., 'Mostrar')]</arg>
<doc>Click the element identified by ``locator``.</doc>
<status status="PASS" start="2025-05-18T15:24:08.615294" elapsed="0.608248"/>
</kw>
<kw name="Sleep" owner="BuiltIn">
<msg time="2025-05-18T15:24:09.724977" level="INFO">Slept 500 milliseconds.</msg>
<arg>0.5s</arg>
<doc>Pauses the test executed for the given time.</doc>
<status status="PASS" start="2025-05-18T15:24:09.223950" elapsed="0.501246"/>
</kw>
<status status="PASS" start="2025-05-18T15:24:08.552247" elapsed="1.173211"/>
</kw>
<kw name="Verificar PIN Exibido" owner="keywords">
<kw name="Wait Until Page Contains Element" owner="SeleniumLibrary">
<arg>xpath=//input[@type='text' and contains(@id, 'pin-input')]</arg>
<doc>Waits until the element ``locator`` appears on the current page.</doc>
<status status="PASS" start="2025-05-18T15:24:09.726985" elapsed="0.072936"/>
</kw>
<status status="PASS" start="2025-05-18T15:24:09.726300" elapsed="0.073922"/>
</kw>
<tag>funcional</tag>
<tag>nao-bloqueante</tag>
<tag>regressivo</tag>
<status status="PASS" start="2025-05-18T15:23:54.753298" elapsed="15.047471"/>
</test>
<test id="s1-t6" name="Tentativa de login com PIN inválido - 3 caracteres" line="99">
<kw name="Abrir Página de Login" owner="keywords">
<kw name="Open Browser" owner="SeleniumLibrary">
<msg time="2025-05-18T15:24:09.804781" level="INFO">Opening browser 'chrome' to base url 'https://muda.cambiatus.io/'.</msg>
<arg>${url}</arg>
<arg>chrome</arg>
<doc>Opens a new browser instance to the optional ``url``.</doc>
<status status="PASS" start="2025-05-18T15:24:09.804302" elapsed="6.689357"/>
</kw>
<kw name="Maximize Browser Window" owner="SeleniumLibrary">
<doc>Maximizes current browser window.</doc>
<status status="PASS" start="2025-05-18T15:24:16.494576" elapsed="0.098712"/>
</kw>
<arg>${URL_LOGIN}</arg>
<status status="PASS" start="2025-05-18T15:24:09.803524" elapsed="6.790040"/>
</kw>
<kw name="Acionar Botão" owner="keywords">
<kw name="Run Keyword If" owner="BuiltIn">
<kw name="Click Element" owner="SeleniumLibrary">
<msg time="2025-05-18T15:24:16.600968" level="INFO">Clicking element 'xpath=//a[contains(@class, 'button-primary') and contains(text(), 'Já sou membro')]'.</msg>
<arg>xpath=//a[contains(@class, 'button-primary') and contains(text(), 'Já sou membro')]</arg>
<doc>Click the element identified by ``locator``.</doc>
<status status="PASS" start="2025-05-18T15:24:16.600479" elapsed="0.212694"/>
</kw>
<arg>'${nome_botao}' == 'Já sou membro'</arg>
<arg>Click Element</arg>
<arg>xpath=//a[contains(@class, 'button-primary') and contains(text(), 'Já sou membro')]</arg>
<arg>ELSE IF</arg>
<arg>'${nome_botao}' == 'Continuar'</arg>
<arg>Run Keyword And Ignore Error</arg>
<arg>Click Element</arg>
<arg>css=button.button.button-primary.min-w-full</arg>
<arg>ELSE IF</arg>
<arg>'${nome_botao}' == 'Continuar'</arg>
<arg>Click Element</arg>
<arg>xpath=//button[contains(., 'Continuar') or contains(., 'Continue')]</arg>
<arg>ELSE</arg>
<arg>Click Element</arg>
<arg>xpath=//*[self::button or self::a][contains(text(), '${nome_botao}')]</arg>
<doc>Runs the given keyword with the given arguments, if ``condition`` is true.</doc>
<status status="PASS" start="2025-05-18T15:24:16.599527" elapsed="0.213904"/>
</kw>
<kw name="Sleep" owner="BuiltIn">
<msg time="2025-05-18T15:24:17.315081" level="INFO">Slept 500 milliseconds.</msg>
<arg>0.5s</arg>
<doc>Pauses the test executed for the given time.</doc>
<status status="PASS" start="2025-05-18T15:24:16.813885" elapsed="0.502712"/>
</kw>
<kw name="Varre Erros Visiveis" owner="keywords">
<kw name="Get WebElements" owner="SeleniumLibrary">
<msg time="2025-05-18T15:24:17.349073" level="INFO">${erros} = []</msg>
<var>${erros}</var>
<arg>css=.form-error, .form-error.form-error-on-dark-bg</arg>
<doc>Returns a list of WebElement objects matching the ``locator``.</doc>
<status status="PASS" start="2025-05-18T15:24:17.319910" elapsed="0.029265"/>
</kw>
<for flavor="IN">
<iter>
<kw name="Get Text" owner="SeleniumLibrary">
<var>${texto}</var>
<arg>${erro}</arg>
<doc>Returns the text value of the element identified by ``locator``.</doc>
<status status="NOT RUN" start="2025-05-18T15:24:17.349989" elapsed="0.000104"/>
</kw>
<kw name="Log" owner="BuiltIn">
<arg>[ERRO VISÍVEL] ${texto}</arg>
<doc>Logs the given message with the given level.</doc>
<status status="NOT RUN" start="2025-05-18T15:24:17.350369" elapsed="0.000073"/>
</kw>
<var name="${erro}"/>
<status status="NOT RUN" start="2025-05-18T15:24:17.349740" elapsed="0.000825"/>
</iter>
<var>${erro}</var>
<value>@{erros}</value>
<status status="NOT RUN" start="2025-05-18T15:24:17.349381" elapsed="0.001315"/>
</for>
<status status="PASS" start="2025-05-18T15:24:17.318001" elapsed="0.032922"/>
</kw>
<arg>Já sou membro</arg>
<status status="PASS" start="2025-05-18T15:24:16.598717" elapsed="0.752371"/>
</kw>
<kw name="Inserir Palavras Chave" owner="keywords">
<kw name="Wait Until Element Is Visible" owner="SeleniumLibrary">
<arg>css=textarea.input.peer</arg>
<doc>Waits until the element ``locator`` is visible.</doc>
<status status="PASS" start="2025-05-18T15:24:17.352483" elapsed="0.062337"/>
</kw>
<kw name="Input Text" owner="SeleniumLibrary">
<msg time="2025-05-18T15:24:17.416140" level="INFO">Typing text 'garment neither noise flash enable humble embrace typical annual fruit cycle degree' into text field 'css=textarea.input.peer'.</msg>
<arg>css=textarea.input.peer</arg>
<arg>${palavras}</arg>
<doc>Types the given ``text`` into the text field identified by ``locator``.</doc>
<status status="PASS" start="2025-05-18T15:24:17.415571" elapsed="0.421380"/>
</kw>
<arg>${PALAVRAS_CHAVE_TESTE}</arg>
<status status="PASS" start="2025-05-18T15:24:17.351751" elapsed="0.485482"/>
</kw>
<kw name="Acionar Botão" owner="keywords">
<kw name="Run Keyword If" owner="BuiltIn">
<kw name="Run Keyword And Ignore Error" owner="BuiltIn">
<kw name="Click Element" owner="SeleniumLibrary">
<msg time="2025-05-18T15:24:17.839568" level="INFO">Clicking element 'css=button.button.button-primary.min-w-full'.</msg>
<arg>css=button.button.button-primary.min-w-full</arg>
<doc>Click the element identified by ``locator``.</doc>
<status status="PASS" start="2025-05-18T15:24:17.839306" elapsed="0.117679"/>
</kw>
<arg>Click Element</arg>
<arg>css=button.button.button-primary.min-w-full</arg>
<doc>Runs the given keyword with the given arguments and ignores possible error.</doc>
<status status="PASS" start="2025-05-18T15:24:17.839030" elapsed="0.118099"/>
</kw>
<arg>'${nome_botao}' == 'Já sou membro'</arg>
<arg>Click Element</arg>
<arg>xpath=//a[contains(@class, 'button-primary') and contains(text(), 'Já sou membro')]</arg>
<arg>ELSE IF</arg>
<arg>'${nome_botao}' == 'Continuar'</arg>
<arg>Run Keyword And Ignore Error</arg>
<arg>Click Element</arg>
<arg>css=button.button.button-primary.min-w-full</arg>
<arg>ELSE IF</arg>
<arg>'${nome_botao}' == 'Continuar'</arg>
<arg>Click Element</arg>
<arg>xpath=//button[contains(., 'Continuar') or contains(., 'Continue')]</arg>
<arg>ELSE</arg>
<arg>Click Element</arg>
<arg>xpath=//*[self::button or self::a][contains(text(), '${nome_botao}')]</arg>
<doc>Runs the given keyword with the given arguments, if ``condition`` is true.</doc>
<status status="PASS" start="2025-05-18T15:24:17.838409" elapsed="0.118825"/>
</kw>
<kw name="Sleep" owner="BuiltIn">
<msg time="2025-05-18T15:24:18.458605" level="INFO">Slept 500 milliseconds.</msg>
<arg>0.5s</arg>
<doc>Pauses the test executed for the given time.</doc>
<status status="PASS" start="2025-05-18T15:24:17.957469" elapsed="0.501589"/>
</kw>
<kw name="Varre Erros Visiveis" owner="keywords">
<kw name="Get WebElements" owner="SeleniumLibrary">
<msg time="2025-05-18T15:24:18.486207" level="INFO">${erros} = []</msg>
<var>${erros}</var>
<arg>css=.form-error, .form-error.form-error-on-dark-bg</arg>
<doc>Returns a list of WebElement objects matching the ``locator``.</doc>
<status status="PASS" start="2025-05-18T15:24:18.461020" elapsed="0.025348"/>
</kw>
<for flavor="IN">
<iter>
<kw name="Get Text" owner="SeleniumLibrary">
<var>${texto}</var>
<arg>${erro}</arg>
<doc>Returns the text value of the element identified by ``locator``.</doc>
<status status="NOT RUN" start="2025-05-18T15:24:18.487258" elapsed="0.000092"/>
</kw>
<kw name="Log" owner="BuiltIn">
<arg>[ERRO VISÍVEL] ${texto}</arg>
<doc>Logs the given message with the given level.</doc>
<status status="NOT RUN" start="2025-05-18T15:24:18.487650" elapsed="0.000082"/>
</kw>
<var name="${erro}"/>
<status status="NOT RUN" start="2025-05-18T15:24:18.486980" elapsed="0.000878"/>
</iter>
<var>${erro}</var>
<value>@{erros}</value>
<status status="NOT RUN" start="2025-05-18T15:24:18.486599" elapsed="0.001384"/>
</for>
<status status="PASS" start="2025-05-18T15:24:18.460055" elapsed="0.028147"/>
</kw>
<arg>Continuar</arg>
<status status="PASS" start="2025-05-18T15:24:17.837866" elapsed="0.650495"/>
</kw>
<kw name="Inserir Pin" owner="keywords">
<kw name="Input Text" owner="SeleniumLibrary">
<msg time="2025-05-18T15:24:18.490377" level="INFO">Typing text '123' into text field 'css=#pin-input'.</msg>
<arg>css=#pin-input</arg>
<arg>${pin}</arg>
<doc>Types the given ``text`` into the text field identified by ``locator``.</doc>
<status status="PASS" start="2025-05-18T15:24:18.489884" elapsed="0.311236"/>
</kw>
<arg>${PIN_INVALIDO}</arg>
<status status="PASS" start="2025-05-18T15:24:18.489057" elapsed="0.312316"/>
</kw>
<kw name="Confirmar Pin" owner="keywords">
<kw name="Input Text" owner="SeleniumLibrary">
<msg time="2025-05-18T15:24:18.803883" level="INFO">Typing text '123' into text field 'css=#pin-confirmation-input'.</msg>
<arg>css=#pin-confirmation-input</arg>
<arg>${pin}</arg>
<doc>Types the given ``text`` into the text field identified by ``locator``.</doc>
<status status="PASS" start="2025-05-18T15:24:18.803423" elapsed="0.248560"/>
</kw>
<arg>${PIN_INVALIDO}</arg>
<status status="PASS" start="2025-05-18T15:24:18.802729" elapsed="0.249517"/>
</kw>
<kw name="Acionar Botao Entrar PIN" owner="keywords">
<kw name="Wait Until Element Is Visible" owner="SeleniumLibrary">
<arg>css=button.button.button-primary.min-w-full.mt-auto</arg>
<arg>timeout=10s</arg>
<doc>Waits until the element ``locator`` is visible.</doc>
<status status="PASS" start="2025-05-18T15:24:19.053628" elapsed="0.065390"/>
</kw>
<kw name="Click Element" owner="SeleniumLibrary">
<msg time="2025-05-18T15:24:19.120193" level="INFO">Clicking element 'css=button.button.button-primary.min-w-full.mt-auto'.</msg>
<arg>css=button.button.button-primary.min-w-full.mt-auto</arg>
<doc>Click the element identified by ``locator``.</doc>
<status status="PASS" start="2025-05-18T15:24:19.119627" elapsed="0.090027"/>
</kw>
<kw name="Sleep" owner="BuiltIn">
<msg time="2025-05-18T15:24:19.710909" level="INFO">Slept 500 milliseconds.</msg>
<arg>0.5s</arg>
<doc>Pauses the test executed for the given time.</doc>
<status status="PASS" start="2025-05-18T15:24:19.209953" elapsed="0.501362"/>
</kw>
<status status="PASS" start="2025-05-18T15:24:19.052943" elapsed="0.658790"/>
</kw>
<kw name="Capture Page Screenshot" owner="SeleniumLibrary">
<msg time="2025-05-18T15:24:19.870381" level="INFO" html="true">&lt;/td&gt;&lt;/tr&gt;&lt;tr&gt;&lt;td colspan="3"&gt;&lt;a href="selenium-screenshot-27.png"&gt;&lt;img src="selenium-screenshot-27.png" width="800px"&gt;&lt;/a&gt;</msg>
<doc>Takes a screenshot of the current page and embeds it into a log file.</doc>
<status status="PASS" start="2025-05-18T15:24:19.714479" elapsed="0.156133"/>
</kw>
<kw name="Log" owner="BuiltIn">
<msg time="2025-05-18T15:24:19.871777" level="INFO">Mensagens de erro na tela:</msg>
<arg>Mensagens de erro na tela:</arg>
<doc>Logs the given message with the given level.</doc>
<status status="PASS" start="2025-05-18T15:24:19.871442" elapsed="0.000495"/>
</kw>
<kw name="Get WebElements" owner="SeleniumLibrary">
<msg time="2025-05-18T15:24:19.937007" level="INFO">${erros} = [&lt;selenium.webdriver.remote.webelement.WebElement (session="4949ff7981ff146ecd1a41d21916d3a6", element="f.F4FBAEDBD817D67133F8FD7FFC439E8E.d.FBD42B8A2807D8D82F01547CDC96F56D.e.38")&gt;, &lt;selenium.webdriv...</msg>
<var>${erros}</var>
<arg>css=.form-error, .form-error.form-error-on-dark-bg</arg>
<doc>Returns a list of WebElement objects matching the ``locator``.</doc>
<status status="PASS" start="2025-05-18T15:24:19.873779" elapsed="0.063328"/>
</kw>
<for flavor="IN">
<iter>
<kw name="Get Text" owner="SeleniumLibrary">
<msg time="2025-05-18T15:24:19.965645" level="INFO">${texto} = O TEXTO DEVE TER EXATAMENTE 6 CARACTERES</msg>
<var>${texto}</var>
<arg>${erro}</arg>
<doc>Returns the text value of the element identified by ``locator``.</doc>
<status status="PASS" start="2025-05-18T15:24:19.938137" elapsed="0.027616"/>
</kw>
<kw name="Log" owner="BuiltIn">
<msg time="2025-05-18T15:24:19.966490" level="INFO">O TEXTO DEVE TER EXATAMENTE 6 CARACTERES</msg>
<arg>${texto}</arg>
<doc>Logs the given message with the given level.</doc>
<status status="PASS" start="2025-05-18T15:24:19.966129" elapsed="0.000487"/>
</kw>
<var name="${erro}">&lt;selenium.webdriver.remote.webelement.WebElement (session="4949ff7981ff146ecd1a41d21916d3a6", element="f.F4FBAEDBD817D67133F8FD7FFC439E8E.d.FBD42B8A2807D8D82F01547CDC96F56D.e.38")&gt;</var>
<status status="PASS" start="2025-05-18T15:24:19.937888" elapsed="0.028915"/>
</iter>
<iter>
<kw name="Get Text" owner="SeleniumLibrary">
<msg time="2025-05-18T15:24:20.027462" level="INFO">${texto} = O TEXTO DEVE TER EXATAMENTE 6 CARACTERES</msg>
<var>${texto}</var>
<arg>${erro}</arg>
<doc>Returns the text value of the element identified by ``locator``.</doc>
<status status="PASS" start="2025-05-18T15:24:19.967221" elapsed="0.060367"/>
</kw>
<kw name="Log" owner="BuiltIn">
<msg time="2025-05-18T15:24:20.029095" level="INFO">O TEXTO DEVE TER EXATAMENTE 6 CARACTERES</msg>
<arg>${texto}</arg>
<doc>Logs the given message with the given level.</doc>
<status status="PASS" start="2025-05-18T15:24:20.028513" elapsed="0.000744"/>
</kw>
<var name="${erro}">&lt;selenium.webdriver.remote.webelement.WebElement (session="4949ff7981ff146ecd1a41d21916d3a6", element="f.F4FBAEDBD817D67133F8FD7FFC439E8E.d.FBD42B8A2807D8D82F01547CDC96F56D.e.39")&gt;</var>
<status status="PASS" start="2025-05-18T15:24:19.967042" elapsed="0.062469"/>
</iter>
<var>${erro}</var>
<value>@{erros}</value>
<status status="PASS" start="2025-05-18T15:24:19.937482" elapsed="0.092203"/>
</for>
<kw name="Verificar Componente Erro Presente" owner="keywords">
<kw name="Wait Until Element Is Visible" owner="SeleniumLibrary">
<arg>css=.form-error, .form-error.form-error-on-dark-bg</arg>
<arg>timeout=10s</arg>
<doc>Waits until the element ``locator`` is visible.</doc>
<status status="PASS" start="2025-05-18T15:24:20.033263" elapsed="0.034366"/>
</kw>
<status status="PASS" start="2025-05-18T15:24:20.032584" elapsed="0.035234"/>
</kw>
<tag>critico</tag>
<tag>funcional</tag>
<tag>regressivo</tag>
<status status="PASS" start="2025-05-18T15:24:09.802331" elapsed="10.265870"/>
</test>
<test id="s1-t7" name="Tentativa de login com PIN divergente" line="124">
<kw name="Abrir Página de Login" owner="keywords">
<kw name="Open Browser" owner="SeleniumLibrary">
<msg time="2025-05-18T15:24:20.071510" level="INFO">Opening browser 'chrome' to base url 'https://muda.cambiatus.io/'.</msg>
<arg>${url}</arg>
<arg>chrome</arg>
<doc>Opens a new browser instance to the optional ``url``.</doc>
<status status="PASS" start="2025-05-18T15:24:20.071148" elapsed="6.263335"/>
</kw>
<kw name="Maximize Browser Window" owner="SeleniumLibrary">
<doc>Maximizes current browser window.</doc>
<status status="PASS" start="2025-05-18T15:24:26.335339" elapsed="0.057995"/>
</kw>
<arg>${URL_LOGIN}</arg>
<status status="PASS" start="2025-05-18T15:24:20.070457" elapsed="6.323161"/>
</kw>
<kw name="Acionar Botão" owner="keywords">
<kw name="Run Keyword If" owner="BuiltIn">
<kw name="Click Element" owner="SeleniumLibrary">
<msg time="2025-05-18T15:24:26.398985" level="INFO">Clicking element 'xpath=//a[contains(@class, 'button-primary') and contains(text(), 'Já sou membro')]'.</msg>
<arg>xpath=//a[contains(@class, 'button-primary') and contains(text(), 'Já sou membro')]</arg>
<doc>Click the element identified by ``locator``.</doc>
<status status="PASS" start="2025-05-18T15:24:26.398247" elapsed="0.354095"/>
</kw>
<arg>'${nome_botao}' == 'Já sou membro'</arg>
<arg>Click Element</arg>
<arg>xpath=//a[contains(@class, 'button-primary') and contains(text(), 'Já sou membro')]</arg>
<arg>ELSE IF</arg>
<arg>'${nome_botao}' == 'Continuar'</arg>
<arg>Run Keyword And Ignore Error</arg>
<arg>Click Element</arg>
<arg>css=button.button.button-primary.min-w-full</arg>
<arg>ELSE IF</arg>
<arg>'${nome_botao}' == 'Continuar'</arg>
<arg>Click Element</arg>
<arg>xpath=//button[contains(., 'Continuar') or contains(., 'Continue')]</arg>
<arg>ELSE</arg>
<arg>Click Element</arg>
<arg>xpath=//*[self::button or self::a][contains(text(), '${nome_botao}')]</arg>
<doc>Runs the given keyword with the given arguments, if ``condition`` is true.</doc>
<status status="PASS" start="2025-05-18T15:24:26.397293" elapsed="0.355312"/>
</kw>
<kw name="Sleep" owner="BuiltIn">
<msg time="2025-05-18T15:24:27.253603" level="INFO">Slept 500 milliseconds.</msg>
<arg>0.5s</arg>
<doc>Pauses the test executed for the given time.</doc>
<status status="PASS" start="2025-05-18T15:24:26.753068" elapsed="0.500798"/>
</kw>
<kw name="Varre Erros Visiveis" owner="keywords">
<kw name="Get WebElements" owner="SeleniumLibrary">
<msg time="2025-05-18T15:24:27.290725" level="INFO">${erros} = []</msg>
<var>${erros}</var>
<arg>css=.form-error, .form-error.form-error-on-dark-bg</arg>
<doc>Returns a list of WebElement objects matching the ``locator``.</doc>
<status status="PASS" start="2025-05-18T15:24:27.255042" elapsed="0.035789"/>
</kw>
<for flavor="IN">
<iter>
<kw name="Get Text" owner="SeleniumLibrary">
<var>${texto}</var>
<arg>${erro}</arg>
<doc>Returns the text value of the element identified by ``locator``.</doc>
<status status="NOT RUN" start="2025-05-18T15:24:27.291735" elapsed="0.000109"/>
</kw>
<kw name="Log" owner="BuiltIn">
<arg>[ERRO VISÍVEL] ${texto}</arg>
<doc>Logs the given message with the given level.</doc>
<status status="NOT RUN" start="2025-05-18T15:24:27.292172" elapsed="0.000102"/>
</kw>
<var name="${erro}"/>
<status status="NOT RUN" start="2025-05-18T15:24:27.291432" elapsed="0.000998"/>
</iter>
<var>${erro}</var>
<value>@{erros}</value>
<status status="NOT RUN" start="2025-05-18T15:24:27.291053" elapsed="0.001536"/>
</for>
<status status="PASS" start="2025-05-18T15:24:27.254391" elapsed="0.038440"/>
</kw>
<arg>Já sou membro</arg>
<status status="PASS" start="2025-05-18T15:24:26.394287" elapsed="0.898730"/>
</kw>
<kw name="Inserir Palavras Chave" owner="keywords">
<kw name="Wait Until Element Is Visible" owner="SeleniumLibrary">
<arg>css=textarea.input.peer</arg>
<doc>Waits until the element ``locator`` is visible.</doc>
<status status="PASS" start="2025-05-18T15:24:27.295868" elapsed="0.092103"/>
</kw>
<kw name="Input Text" owner="SeleniumLibrary">
<msg time="2025-05-18T15:24:27.388861" level="INFO">Typing text 'garment neither noise flash enable humble embrace typical annual fruit cycle degree' into text field 'css=textarea.input.peer'.</msg>
<arg>css=textarea.input.peer</arg>
<arg>${palavras}</arg>
<doc>Types the given ``text`` into the text field identified by ``locator``.</doc>
<status status="PASS" start="2025-05-18T15:24:27.388345" elapsed="0.655640"/>
</kw>
<arg>${PALAVRAS_CHAVE_TESTE}</arg>
<status status="PASS" start="2025-05-18T15:24:27.293842" elapsed="0.750429"/>
</kw>
<kw name="Acionar Botão" owner="keywords">
<kw name="Run Keyword If" owner="BuiltIn">
<kw name="Run Keyword And Ignore Error" owner="BuiltIn">
<kw name="Click Element" owner="SeleniumLibrary">
<msg time="2025-05-18T15:24:28.055808" level="INFO">Clicking element 'css=button.button.button-primary.min-w-full'.</msg>
<arg>css=button.button.button-primary.min-w-full</arg>
<doc>Click the element identified by ``locator``.</doc>
<status status="PASS" start="2025-05-18T15:24:28.054940" elapsed="0.688381"/>
</kw>
<arg>Click Element</arg>
<arg>css=button.button.button-primary.min-w-full</arg>
<doc>Runs the given keyword with the given arguments and ignores possible error.</doc>
<status status="PASS" start="2025-05-18T15:24:28.054399" elapsed="0.689161"/>
</kw>
<arg>'${nome_botao}' == 'Já sou membro'</arg>
<arg>Click Element</arg>
<arg>xpath=//a[contains(@class, 'button-primary') and contains(text(), 'Já sou membro')]</arg>
<arg>ELSE IF</arg>
<arg>'${nome_botao}' == 'Continuar'</arg>
<arg>Run Keyword And Ignore Error</arg>
<arg>Click Element</arg>
<arg>css=button.button.button-primary.min-w-full</arg>
<arg>ELSE IF</arg>
<arg>'${nome_botao}' == 'Continuar'</arg>
<arg>Click Element</arg>
<arg>xpath=//button[contains(., 'Continuar') or contains(., 'Continue')]</arg>
<arg>ELSE</arg>
<arg>Click Element</arg>
<arg>xpath=//*[self::button or self::a][contains(text(), '${nome_botao}')]</arg>
<doc>Runs the given keyword with the given arguments, if ``condition`` is true.</doc>
<status status="PASS" start="2025-05-18T15:24:28.053319" elapsed="0.690435"/>
</kw>
<kw name="Sleep" owner="BuiltIn">
<msg time="2025-05-18T15:24:29.245487" level="INFO">Slept 500 milliseconds.</msg>
<arg>0.5s</arg>
<doc>Pauses the test executed for the given time.</doc>
<status status="PASS" start="2025-05-18T15:24:28.744349" elapsed="0.501346"/>
</kw>
<kw name="Varre Erros Visiveis" owner="keywords">
<kw name="Get WebElements" owner="SeleniumLibrary">
<msg time="2025-05-18T15:24:29.267361" level="INFO">${erros} = []</msg>
<var>${erros}</var>
<arg>css=.form-error, .form-error.form-error-on-dark-bg</arg>
<doc>Returns a list of WebElement objects matching the ``locator``.</doc>
<status status="PASS" start="2025-05-18T15:24:29.247999" elapsed="0.019680"/>
</kw>
<for flavor="IN">
<iter>
<kw name="Get Text" owner="SeleniumLibrary">
<var>${texto}</var>
<arg>${erro}</arg>
<doc>Returns the text value of the element identified by ``locator``.</doc>
<status status="NOT RUN" start="2025-05-18T15:24:29.268617" elapsed="0.000102"/>
</kw>
<kw name="Log" owner="BuiltIn">
<arg>[ERRO VISÍVEL] ${texto}</arg>
<doc>Logs the given message with the given level.</doc>
<status status="NOT RUN" start="2025-05-18T15:24:29.269043" elapsed="0.000104"/>
</kw>
<var name="${erro}"/>
<status status="NOT RUN" start="2025-05-18T15:24:29.268320" elapsed="0.000963"/>
</iter>
<var>${erro}</var>
<value>@{erros}</value>
<status status="NOT RUN" start="2025-05-18T15:24:29.267928" elapsed="0.001494"/>
</for>
<status status="PASS" start="2025-05-18T15:24:29.247068" elapsed="0.022587"/>
</kw>
<arg>Continuar</arg>
<status status="PASS" start="2025-05-18T15:24:28.052544" elapsed="1.217284"/>
</kw>
<kw name="Inserir Pin" owner="keywords">
<kw name="Input Text" owner="SeleniumLibrary">
<msg time="2025-05-18T15:24:29.273345" level="INFO">Typing text '147258' into text field 'css=#pin-input'.</msg>
<arg>css=#pin-input</arg>
<arg>${pin}</arg>
<doc>Types the given ``text`` into the text field identified by ``locator``.</doc>
<status status="PASS" start="2025-05-18T15:24:29.272848" elapsed="0.288372"/>
</kw>
<arg>147258</arg>
<status status="PASS" start="2025-05-18T15:24:29.272196" elapsed="0.289806"/>
</kw>
<kw name="Confirmar Pin" owner="keywords">
<kw name="Input Text" owner="SeleniumLibrary">
<msg time="2025-05-18T15:24:29.569069" level="INFO">Typing text '258147' into text field 'css=#pin-confirmation-input'.</msg>
<arg>css=#pin-confirmation-input</arg>
<arg>${pin}</arg>
<doc>Types the given ``text`` into the text field identified by ``locator``.</doc>
<status status="PASS" start="2025-05-18T15:24:29.568459" elapsed="0.821539"/>
</kw>
<arg>258147</arg>
<status status="PASS" start="2025-05-18T15:24:29.567676" elapsed="0.822616"/>
</kw>
<kw name="Acionar Botao Entrar PIN" owner="keywords">
<kw name="Wait Until Element Is Visible" owner="SeleniumLibrary">
<arg>css=button.button.button-primary.min-w-full.mt-auto</arg>
<arg>timeout=10s</arg>
<doc>Waits until the element ``locator`` is visible.</doc>
<status status="PASS" start="2025-05-18T15:24:30.392566" elapsed="0.090088"/>
</kw>
<kw name="Click Element" owner="SeleniumLibrary">
<msg time="2025-05-18T15:24:30.483474" level="INFO">Clicking element 'css=button.button.button-primary.min-w-full.mt-auto'.</msg>
<arg>css=button.button.button-primary.min-w-full.mt-auto</arg>
<doc>Click the element identified by ``locator``.</doc>
<status status="PASS" start="2025-05-18T15:24:30.483039" elapsed="0.195264"/>
</kw>
<kw name="Sleep" owner="BuiltIn">
<msg time="2025-05-18T15:24:31.179806" level="INFO">Slept 500 milliseconds.</msg>
<arg>0.5s</arg>
<doc>Pauses the test executed for the given time.</doc>
<status status="PASS" start="2025-05-18T15:24:30.678907" elapsed="0.501237"/>
</kw>
<status status="PASS" start="2025-05-18T15:24:30.391800" elapsed="0.788726"/>
</kw>
<kw name="Capture Page Screenshot" owner="SeleniumLibrary">
<msg time="2025-05-18T15:24:31.352025" level="INFO" html="true">&lt;/td&gt;&lt;/tr&gt;&lt;tr&gt;&lt;td colspan="3"&gt;&lt;a href="selenium-screenshot-28.png"&gt;&lt;img src="selenium-screenshot-28.png" width="800px"&gt;&lt;/a&gt;</msg>
<doc>Takes a screenshot of the current page and embeds it into a log file.</doc>
<status status="PASS" start="2025-05-18T15:24:31.181835" elapsed="0.170612"/>
</kw>
<kw name="Log" owner="BuiltIn">
<msg time="2025-05-18T15:24:31.355405" level="INFO">Mensagens de erro na tela:</msg>
<arg>Mensagens de erro na tela:</arg>
<doc>Logs the given message with the given level.</doc>
<status status="PASS" start="2025-05-18T15:24:31.355032" elapsed="0.000515"/>
</kw>
<kw name="Get WebElements" owner="SeleniumLibrary">
<msg time="2025-05-18T15:24:31.374015" level="INFO">${erros} = [&lt;selenium.webdriver.remote.webelement.WebElement (session="cf5dcc1914c771f0b4a6f315adce00dc", element="f.AC8BC27644589B7CDEBB70C01A77FDEF.d.C2D1B8A49E908E1D829FD42477DF37F9.e.38")&gt;]</msg>
<var>${erros}</var>
<arg>css=.form-error, .form-error.form-error-on-dark-bg</arg>
<doc>Returns a list of WebElement objects matching the ``locator``.</doc>
<status status="PASS" start="2025-05-18T15:24:31.357099" elapsed="0.016992"/>
</kw>
<for flavor="IN">
<iter>
<kw name="Get Text" owner="SeleniumLibrary">
<msg time="2025-05-18T15:24:31.437421" level="INFO">${texto} = DIGITE O MESMO PIN ACIMA</msg>
<var>${texto}</var>
<arg>${erro}</arg>
<doc>Returns the text value of the element identified by ``locator``.</doc>
<status status="PASS" start="2025-05-18T15:24:31.375229" elapsed="0.062301"/>
</kw>
<kw name="Log" owner="BuiltIn">
<msg time="2025-05-18T15:24:31.438327" level="INFO">DIGITE O MESMO PIN ACIMA</msg>
<arg>${texto}</arg>
<doc>Logs the given message with the given level.</doc>
<status status="PASS" start="2025-05-18T15:24:31.437943" elapsed="0.000524"/>
</kw>
<var name="${erro}">&lt;selenium.webdriver.remote.webelement.WebElement (session="cf5dcc1914c771f0b4a6f315adce00dc", element="f.AC8BC27644589B7CDEBB70C01A77FDEF.d.C2D1B8A49E908E1D829FD42477DF37F9.e.38")&gt;</var>
<status status="PASS" start="2025-05-18T15:24:31.374781" elapsed="0.063827"/>
</iter>
<var>${erro}</var>
<value>@{erros}</value>
<status status="PASS" start="2025-05-18T15:24:31.374401" elapsed="0.064356"/>
</for>
<kw name="Verificar Componente Erro Presente" owner="keywords">
<kw name="Wait Until Element Is Visible" owner="SeleniumLibrary">
<arg>css=.form-error, .form-error.form-error-on-dark-bg</arg>
<arg>timeout=10s</arg>
<doc>Waits until the element ``locator`` is visible.</doc>
<status status="PASS" start="2025-05-18T15:24:31.439931" elapsed="0.103862"/>
</kw>
<status status="PASS" start="2025-05-18T15:24:31.439450" elapsed="0.104600"/>
</kw>
<tag>critico</tag>
<tag>funcional</tag>
<tag>regressivo</tag>
<status status="PASS" start="2025-05-18T15:24:20.069570" elapsed="11.475140"/>
</test>
<kw name="Fechar Navegador" owner="keywords" type="TEARDOWN">
<kw name="Close Browser" owner="SeleniumLibrary">
<doc>Closes the current browser.</doc>
<status status="PASS" start="2025-05-18T15:24:31.556656" elapsed="5.479341"/>
</kw>
<status status="PASS" start="2025-05-18T15:24:31.556136" elapsed="5.480126"/>
</kw>
<doc>Testes automatizados para Login</doc>
<status status="PASS" start="2025-05-18T15:23:18.103562" elapsed="78.932838"/>
</suite>
<statistics>
<total>
<stat pass="7" fail="0" skip="0">All Tests</stat>
</total>
<tag>
<stat pass="6" fail="0" skip="0">critico</stat>
<stat pass="7" fail="0" skip="0">funcional</stat>
<stat pass="1" fail="0" skip="0">nao-bloqueante</stat>
<stat pass="7" fail="0" skip="0">regressivo</stat>
<stat pass="1" fail="0" skip="0">smoke</stat>
</tag>
<suite>
<stat name="Login" id="s1" pass="7" fail="0" skip="0">Login</stat>
</suite>
</statistics>
<errors>
<msg time="2025-05-18T15:23:18.166232" level="ERROR">Error in file 'C:\Users\Ivan\Documents\Trabalho_estudo\Muda-frontend\qa\automation\resources\keywords.robot' on line 4: Setting 'Suite Teardown' is not allowed in resource file.</msg>
</errors>
</robot>
