<?xml version="1.0" encoding="UTF-8"?>
<robot generator="Robot 7.2.2 (Python 3.13.3 on win32)" generated="2025-05-19T09:58:49.358423" rpa="false" schemaversion="5">
<suite id="s1" name="Login" source="C:\Users\Ivan\Documents\Trabalho_estudo\Muda-frontend\qa\automation\login.robot">
<kw name="Abrir Navegador E Acessar Login" owner="keywords" type="SETUP">
<kw name="Abrir Página de Login" owner="keywords">
<kw name="Open Browser" owner="SeleniumLibrary">
<msg time="2025-05-19T09:58:50.868464" level="INFO">Opening browser 'chrome' to base url 'https://muda.cambiatus.io/login'.</msg>
<arg>${url}</arg>
<arg>chrome</arg>
<doc>Opens a new browser instance to the optional ``url``.</doc>
<status status="PASS" start="2025-05-19T09:58:50.868065" elapsed="10.253281"/>
</kw>
<kw name="Maximize Browser Window" owner="SeleniumLibrary">
<doc>Maximizes current browser window.</doc>
<status status="PASS" start="2025-05-19T09:59:01.122207" elapsed="0.066315"/>
</kw>
<arg>${URL_LOGIN}</arg>
<status status="PASS" start="2025-05-19T09:58:50.866975" elapsed="10.321785"/>
</kw>
<status status="PASS" start="2025-05-19T09:58:50.866473" elapsed="10.322442"/>
</kw>
<test id="s1-t1" name="Login com sucesso" line="8">
<kw name="Preencher Palavras Chave Corretas" owner="keywords">
<kw name="Inserir Palavras Chave" owner="keywords">
<kw name="Wait Until Element Is Visible" owner="SeleniumLibrary">
<arg>css=textarea.input.peer</arg>
<doc>Waits until the element ``locator`` is visible.</doc>
<status status="PASS" start="2025-05-19T09:59:01.191628" elapsed="0.190555"/>
</kw>
<kw name="Input Text" owner="SeleniumLibrary">
<msg time="2025-05-19T09:59:01.383197" level="INFO">Typing text 'sombrinha estilete ramalhete arvore salsinha flores verao abacaxi girassol margarida violeta tulipa' into text field 'css=textarea.input.peer'.</msg>
<arg>css=textarea.input.peer</arg>
<arg>${palavras}</arg>
<doc>Types the given ``text`` into the text field identified by ``locator``.</doc>
<status status="PASS" start="2025-05-19T09:59:01.382574" elapsed="0.574572"/>
</kw>
<arg>${PALAVRAS_CHAVE_TESTE}</arg>
<status status="PASS" start="2025-05-19T09:59:01.190828" elapsed="0.766661"/>
</kw>
<status status="PASS" start="2025-05-19T09:59:01.190263" elapsed="0.767471"/>
</kw>
<kw name="Clicar Botao Avancar" owner="keywords">
<kw name="Wait Until Element Is Visible" owner="SeleniumLibrary">
<arg>css=button.button.button-primary.min-w-full</arg>
<doc>Waits until the element ``locator`` is visible.</doc>
<status status="PASS" start="2025-05-19T09:59:01.959495" elapsed="0.098025"/>
</kw>
<kw name="Click Element" owner="SeleniumLibrary">
<msg time="2025-05-19T09:59:02.058581" level="INFO">Clicking element 'css=button.button.button-primary.min-w-full'.</msg>
<arg>css=button.button.button-primary.min-w-full</arg>
<doc>Click the element identified by ``locator``.</doc>
<status status="PASS" start="2025-05-19T09:59:02.057933" elapsed="0.151747"/>
</kw>
<kw name="Sleep" owner="BuiltIn">
<msg time="2025-05-19T09:59:02.711004" level="INFO">Slept 500 milliseconds.</msg>
<arg>0.5s</arg>
<doc>Pauses the test executed for the given time.</doc>
<status status="PASS" start="2025-05-19T09:59:02.210246" elapsed="0.501290"/>
</kw>
<status status="PASS" start="2025-05-19T09:59:01.958650" elapsed="0.753476"/>
</kw>
<kw name="Preencher PIN Correto">
<msg time="2025-05-19T09:59:02.720844" level="FAIL">No keyword with name 'Preencher PIN Correto' found.</msg>
<status status="FAIL" start="2025-05-19T09:59:02.720478" elapsed="0.000706">No keyword with name 'Preencher PIN Correto' found.</status>
</kw>
<kw name="Clicar Botao Entrar">
<status status="NOT RUN" start="2025-05-19T09:59:02.722808" elapsed="0.000261"/>
</kw>
<kw name="Validar Login Efetuado Com Sucesso">
<status status="NOT RUN" start="2025-05-19T09:59:02.724318" elapsed="0.000470"/>
</kw>
<tag>login</tag>
<tag>positivo</tag>
<status status="FAIL" start="2025-05-19T09:59:01.189070" elapsed="1.537262">No keyword with name 'Preencher PIN Correto' found.</status>
</test>
<test id="s1-t2" name="Login com palavras-chave inválidas" line="16">
<kw name="Preencher Palavras Chave Invalidas">
<msg time="2025-05-19T09:59:02.752120" level="FAIL">No keyword with name 'Preencher Palavras Chave Invalidas' found.</msg>
<status status="FAIL" start="2025-05-19T09:59:02.751755" elapsed="0.000702">No keyword with name 'Preencher Palavras Chave Invalidas' found.</status>
</kw>
<kw name="Clicar Botao Avancar" owner="keywords">
<status status="NOT RUN" start="2025-05-19T09:59:02.754486" elapsed="0.000268"/>
</kw>
<kw name="Validar Erro Palavras Chave">
<status status="NOT RUN" start="2025-05-19T09:59:02.755819" elapsed="0.000159"/>
</kw>
<kw name="Capture Screenshot On Failure">
<status status="NOT RUN" start="2025-05-19T09:59:02.756791" elapsed="0.000140"/>
</kw>
<tag>login</tag>
<tag>negativo</tag>
<status status="FAIL" start="2025-05-19T09:59:02.734995" elapsed="0.022808">No keyword with name 'Preencher Palavras Chave Invalidas' found.</status>
</test>
<test id="s1-t3" name="Login com menos de 12 palavras" line="23">
<kw name="Preencher Menos De 12 Palavras">
<msg time="2025-05-19T09:59:02.855934" level="FAIL">No keyword with name 'Preencher Menos De 12 Palavras' found.</msg>
<status status="FAIL" start="2025-05-19T09:59:02.855644" elapsed="0.000564">No keyword with name 'Preencher Menos De 12 Palavras' found.</status>
</kw>
<kw name="Clicar Botao Avancar" owner="keywords">
<status status="NOT RUN" start="2025-05-19T09:59:02.865120" elapsed="0.000313"/>
</kw>
<kw name="Validar Erro Palavras Chave">
<status status="NOT RUN" start="2025-05-19T09:59:02.866613" elapsed="0.000165"/>
</kw>
<kw name="Capture Screenshot On Failure">
<status status="NOT RUN" start="2025-05-19T09:59:02.867571" elapsed="0.000141"/>
</kw>
<tag>login</tag>
<tag>negativo</tag>
<status status="FAIL" start="2025-05-19T09:59:02.786180" elapsed="0.082279">No keyword with name 'Preencher Menos De 12 Palavras' found.</status>
</test>
<test id="s1-t4" name="Login sem palavras-chave" line="30">
<kw name="Nao Preencher Palavras Chave">
<msg time="2025-05-19T09:59:02.883578" level="FAIL">No keyword with name 'Nao Preencher Palavras Chave' found.</msg>
<status status="FAIL" start="2025-05-19T09:59:02.883409" elapsed="0.000322">No keyword with name 'Nao Preencher Palavras Chave' found.</status>
</kw>
<kw name="Clicar Botao Avancar" owner="keywords">
<status status="NOT RUN" start="2025-05-19T09:59:02.884607" elapsed="0.000139"/>
</kw>
<kw name="Validar Erro Palavras Chave">
<status status="NOT RUN" start="2025-05-19T09:59:02.885356" elapsed="0.000108"/>
</kw>
<kw name="Capture Screenshot On Failure">
<status status="NOT RUN" start="2025-05-19T09:59:02.886077" elapsed="0.000099"/>
</kw>
<tag>login</tag>
<tag>negativo</tag>
<status status="FAIL" start="2025-05-19T09:59:02.871944" elapsed="0.014821">No keyword with name 'Nao Preencher Palavras Chave' found.</status>
</test>
<test id="s1-t5" name="Login com PIN inválido" line="37">
<kw name="Preencher Palavras Chave Corretas" owner="keywords">
<kw name="Inserir Palavras Chave" owner="keywords">
<kw name="Wait Until Element Is Visible" owner="SeleniumLibrary">
<arg>css=textarea.input.peer</arg>
<doc>Waits until the element ``locator`` is visible.</doc>
<status status="PASS" start="2025-05-19T09:59:02.899064" elapsed="0.029899"/>
</kw>
<kw name="Input Text" owner="SeleniumLibrary">
<msg time="2025-05-19T09:59:02.929782" level="INFO">Typing text 'sombrinha estilete ramalhete arvore salsinha flores verao abacaxi girassol margarida violeta tulipa' into text field 'css=textarea.input.peer'.</msg>
<arg>css=textarea.input.peer</arg>
<arg>${palavras}</arg>
<doc>Types the given ``text`` into the text field identified by ``locator``.</doc>
<status status="PASS" start="2025-05-19T09:59:02.929238" elapsed="0.673555"/>
</kw>
<arg>${PALAVRAS_CHAVE_TESTE}</arg>
<status status="PASS" start="2025-05-19T09:59:02.898209" elapsed="0.704780"/>
</kw>
<status status="PASS" start="2025-05-19T09:59:02.897342" elapsed="0.705772"/>
</kw>
<kw name="Clicar Botao Avancar" owner="keywords">
<kw name="Wait Until Element Is Visible" owner="SeleniumLibrary">
<arg>css=button.button.button-primary.min-w-full</arg>
<doc>Waits until the element ``locator`` is visible.</doc>
<status status="PASS" start="2025-05-19T09:59:03.604824" elapsed="0.052268"/>
</kw>
<kw name="Click Element" owner="SeleniumLibrary">
<msg time="2025-05-19T09:59:03.658754" level="INFO">Clicking element 'css=button.button.button-primary.min-w-full'.</msg>
<arg>css=button.button.button-primary.min-w-full</arg>
<doc>Click the element identified by ``locator``.</doc>
<status status="PASS" start="2025-05-19T09:59:03.657953" elapsed="0.150647"/>
</kw>
<kw name="Sleep" owner="BuiltIn">
<msg time="2025-05-19T09:59:04.312141" level="INFO">Slept 500 milliseconds.</msg>
<arg>0.5s</arg>
<doc>Pauses the test executed for the given time.</doc>
<status status="PASS" start="2025-05-19T09:59:03.809120" elapsed="0.503350"/>
</kw>
<status status="PASS" start="2025-05-19T09:59:03.603815" elapsed="0.709055"/>
</kw>
<kw name="Preencher PIN Invalido">
<msg time="2025-05-19T09:59:04.321156" level="FAIL">No keyword with name 'Preencher PIN Invalido' found.</msg>
<status status="FAIL" start="2025-05-19T09:59:04.320943" elapsed="0.000394">No keyword with name 'Preencher PIN Invalido' found.</status>
</kw>
<kw name="Clicar Botao Entrar">
<status status="NOT RUN" start="2025-05-19T09:59:04.322223" elapsed="0.000137"/>
</kw>
<kw name="Validar Erro PIN">
<status status="NOT RUN" start="2025-05-19T09:59:04.323067" elapsed="0.000128"/>
</kw>
<kw name="Capture Screenshot On Failure">
<status status="NOT RUN" start="2025-05-19T09:59:04.323882" elapsed="0.000125"/>
</kw>
<tag>login</tag>
<tag>negativo</tag>
<status status="FAIL" start="2025-05-19T09:59:02.890718" elapsed="1.434371">No keyword with name 'Preencher PIN Invalido' found.</status>
</test>
<test id="s1-t6" name="Login com PIN divergente" line="46">
<kw name="Preencher Palavras Chave Corretas" owner="keywords">
<kw name="Inserir Palavras Chave" owner="keywords">
<kw name="Wait Until Element Is Visible" owner="SeleniumLibrary">
<arg>css=textarea.input.peer</arg>
<doc>Waits until the element ``locator`` is visible.</doc>
<status status="PASS" start="2025-05-19T09:59:04.338964" elapsed="0.083084"/>
</kw>
<kw name="Input Text" owner="SeleniumLibrary">
<msg time="2025-05-19T09:59:04.424484" level="INFO">Typing text 'sombrinha estilete ramalhete arvore salsinha flores verao abacaxi girassol margarida violeta tulipa' into text field 'css=textarea.input.peer'.</msg>
<arg>css=textarea.input.peer</arg>
<arg>${palavras}</arg>
<doc>Types the given ``text`` into the text field identified by ``locator``.</doc>
<status status="PASS" start="2025-05-19T09:59:04.423054" elapsed="0.783486"/>
</kw>
<arg>${PALAVRAS_CHAVE_TESTE}</arg>
<status status="PASS" start="2025-05-19T09:59:04.337487" elapsed="0.869245"/>
</kw>
<status status="PASS" start="2025-05-19T09:59:04.335997" elapsed="0.870865"/>
</kw>
<kw name="Clicar Botao Avancar" owner="keywords">
<kw name="Wait Until Element Is Visible" owner="SeleniumLibrary">
<arg>css=button.button.button-primary.min-w-full</arg>
<doc>Waits until the element ``locator`` is visible.</doc>
<status status="PASS" start="2025-05-19T09:59:05.208572" elapsed="0.058581"/>
</kw>
<kw name="Click Element" owner="SeleniumLibrary">
<msg time="2025-05-19T09:59:05.268041" level="INFO">Clicking element 'css=button.button.button-primary.min-w-full'.</msg>
<arg>css=button.button.button-primary.min-w-full</arg>
<doc>Click the element identified by ``locator``.</doc>
<status status="PASS" start="2025-05-19T09:59:05.267631" elapsed="0.144425"/>
</kw>
<kw name="Sleep" owner="BuiltIn">
<msg time="2025-05-19T09:59:05.913214" level="INFO">Slept 500 milliseconds.</msg>
<arg>0.5s</arg>
<doc>Pauses the test executed for the given time.</doc>
<status status="PASS" start="2025-05-19T09:59:05.412423" elapsed="0.501153"/>
</kw>
<status status="PASS" start="2025-05-19T09:59:05.207535" elapsed="0.706424"/>
</kw>
<kw name="Preencher PIN Divergente">
<msg time="2025-05-19T09:59:05.922486" level="FAIL">No keyword with name 'Preencher PIN Divergente' found.</msg>
<status status="FAIL" start="2025-05-19T09:59:05.922149" elapsed="0.000648">No keyword with name 'Preencher PIN Divergente' found.</status>
</kw>
<kw name="Clicar Botao Entrar">
<status status="NOT RUN" start="2025-05-19T09:59:05.925107" elapsed="0.000261"/>
</kw>
<kw name="Validar Erro PIN Divergente">
<status status="NOT RUN" start="2025-05-19T09:59:05.926476" elapsed="0.000185"/>
</kw>
<kw name="Capture Screenshot On Failure">
<status status="NOT RUN" start="2025-05-19T09:59:05.927617" elapsed="0.000192"/>
</kw>
<tag>login</tag>
<tag>negativo</tag>
<status status="FAIL" start="2025-05-19T09:59:04.333582" elapsed="1.595168">No keyword with name 'Preencher PIN Divergente' found.</status>
</test>
<test id="s1-t7" name="Visualizar PIN" line="55">
<kw name="Preencher Palavras Chave Corretas" owner="keywords">
<kw name="Inserir Palavras Chave" owner="keywords">
<kw name="Wait Until Element Is Visible" owner="SeleniumLibrary">
<arg>css=textarea.input.peer</arg>
<doc>Waits until the element ``locator`` is visible.</doc>
<status status="PASS" start="2025-05-19T09:59:05.940232" elapsed="0.067677"/>
</kw>
<kw name="Input Text" owner="SeleniumLibrary">
<msg time="2025-05-19T09:59:06.012301" level="INFO">Typing text 'sombrinha estilete ramalhete arvore salsinha flores verao abacaxi girassol margarida violeta tulipa' into text field 'css=textarea.input.peer'.</msg>
<arg>css=textarea.input.peer</arg>
<arg>${palavras}</arg>
<doc>Types the given ``text`` into the text field identified by ``locator``.</doc>
<status status="PASS" start="2025-05-19T09:59:06.010506" elapsed="0.928203"/>
</kw>
<arg>${PALAVRAS_CHAVE_TESTE}</arg>
<status status="PASS" start="2025-05-19T09:59:05.937822" elapsed="1.001118"/>
</kw>
<status status="PASS" start="2025-05-19T09:59:05.935983" elapsed="1.003131"/>
</kw>
<kw name="Clicar Botao Avancar" owner="keywords">
<kw name="Wait Until Element Is Visible" owner="SeleniumLibrary">
<arg>css=button.button.button-primary.min-w-full</arg>
<doc>Waits until the element ``locator`` is visible.</doc>
<status status="PASS" start="2025-05-19T09:59:06.945509" elapsed="0.048413"/>
</kw>
<kw name="Click Element" owner="SeleniumLibrary">
<msg time="2025-05-19T09:59:06.994538" level="INFO">Clicking element 'css=button.button.button-primary.min-w-full'.</msg>
<arg>css=button.button.button-primary.min-w-full</arg>
<doc>Click the element identified by ``locator``.</doc>
<status status="PASS" start="2025-05-19T09:59:06.994232" elapsed="0.076791"/>
</kw>
<kw name="Sleep" owner="BuiltIn">
<msg time="2025-05-19T09:59:07.571867" level="INFO">Slept 500 milliseconds.</msg>
<arg>0.5s</arg>
<doc>Pauses the test executed for the given time.</doc>
<status status="PASS" start="2025-05-19T09:59:07.071288" elapsed="0.500778"/>
</kw>
<status status="PASS" start="2025-05-19T09:59:06.944934" elapsed="0.627386"/>
</kw>
<kw name="Visualizar PIN">
<msg time="2025-05-19T09:59:07.608351" level="FAIL">No keyword with name 'Visualizar PIN' found.</msg>
<status status="FAIL" start="2025-05-19T09:59:07.608210" elapsed="0.000263">No keyword with name 'Visualizar PIN' found.</status>
</kw>
<kw name="Validar PIN Visivel">
<status status="NOT RUN" start="2025-05-19T09:59:07.711425" elapsed="0.000105"/>
</kw>
<tag>login</tag>
<tag>visual</tag>
<status status="FAIL" start="2025-05-19T09:59:05.933876" elapsed="1.821746">No keyword with name 'Visualizar PIN' found.</status>
</test>
<kw name="Fechar Navegador" owner="keywords" type="TEARDOWN">
<kw name="Close Browser" owner="SeleniumLibrary">
<doc>Closes the current browser.</doc>
<status status="PASS" start="2025-05-19T09:59:07.785008" elapsed="2.758296"/>
</kw>
<status status="PASS" start="2025-05-19T09:59:07.775328" elapsed="2.768609"/>
</kw>
<status status="FAIL" start="2025-05-19T09:58:49.365812" elapsed="21.178424"/>
</suite>
<statistics>
<total>
<stat pass="0" fail="7" skip="0">All Tests</stat>
</total>
<tag>
<stat pass="0" fail="7" skip="0">login</stat>
<stat pass="0" fail="5" skip="0">negativo</stat>
<stat pass="0" fail="1" skip="0">positivo</stat>
<stat pass="0" fail="1" skip="0">visual</stat>
</tag>
<suite>
<stat name="Login" id="s1" pass="0" fail="7" skip="0">Login</stat>
</suite>
</statistics>
<errors>
<msg time="2025-05-19T09:58:49.503468" level="ERROR">Error in file 'C:\Users\Ivan\Documents\Trabalho_estudo\Muda-frontend\qa\automation\resources\keywords.robot' on line 4: Setting 'Suite Teardown' is not allowed in resource file.</msg>
</errors>
</robot>
